<?xml version="1.0" encoding="UTF-8"?>
<testsuite xmlns:xsi="http://www.w3.org/2001/XMLSchema-instance" xsi:noNamespaceSchemaLocation="https://maven.apache.org/surefire/maven-surefire-plugin/xsd/surefire-test-report-3.0.xsd" version="3.0" name="codes.rytis.logindemo.controller.HelloControllerTest" time="0.745" tests="6" errors="0" skipped="0" failures="0">
  <properties>
[...]
</properties>
  <testcase name="simpleUser_shouldNotSeeAdmin" classname="codes.rytis.logindemo.controller.HelloControllerTest" time="0.046">
    <system-out><![CDATA[2025-05-26T15:08:42.210+05:30 DEBUG 36441 --- [           main] .b.t.c.SpringBootTestContextBootstrapper : Neither @ContextConfiguration nor @ContextHierarchy found for test class [HelloControllerTest]: using SpringBootContextLoader
2025-05-26T15:08:42.211+05:30 DEBUG 36441 --- [           main] o.s.t.c.support.AbstractContextLoader    : Could not detect default resource locations for test class [codes.rytis.logindemo.controller.HelloControllerTest]: no resource found for suffixes {-context.xml, Context.groovy}.
2025-05-26T15:08:42.211+05:30  INFO 36441 --- [           main] t.c.s.AnnotationConfigContextLoaderUtils : Could not detect default configuration classes for test class [codes.rytis.logindemo.controller.HelloControllerTest]: HelloControllerTest does not declare any static, non-private, non-final, nested classes annotated with @Configuration.
2025-05-26T15:08:42.216+05:30 DEBUG 36441 --- [           main] .b.t.c.SpringBootTestContextBootstrapper : Using ContextCustomizers for test class [HelloControllerTest]: [ImportsContextCustomizer, ExcludeFilterContextCustomizer, DuplicateJsonObjectContextCustomizer, MockitoContextCustomizer, TestRestTemplateContextCustomizer, DisableObservabilityContextCustomizer, PropertyMappingContextCustomizer, Customizer]
2025-05-26T15:08:42.222+05:30 DEBUG 36441 --- [           main] ssPathScanningCandidateComponentProvider : Identified candidate component class: file [/Users/arpitagarwal/Documents/Crio/BDT/spring-security/target/classes/codes/rytis/logindemo/LoginDemoApplication.class]
2025-05-26T15:08:42.222+05:30  INFO 36441 --- [           main] .b.t.c.SpringBootTestContextBootstrapper : Found @SpringBootConfiguration codes.rytis.logindemo.LoginDemoApplication for test class codes.rytis.logindemo.controller.HelloControllerTest
2025-05-26T15:08:42.224+05:30 DEBUG 36441 --- [           main] .s.t.c.u.TestContextSpringFactoriesUtils : Skipping candidate TestExecutionListener [org.springframework.test.context.transaction.TransactionalTestExecutionListener] due to a missing dependency. Specify custom TestExecutionListener classes or make the default TestExecutionListener classes and their required dependencies available. Offending class: [org/springframework/transaction/interceptor/TransactionAttributeSource]
2025-05-26T15:08:42.224+05:30 DEBUG 36441 --- [           main] .s.t.c.u.TestContextSpringFactoriesUtils : Skipping candidate TestExecutionListener [org.springframework.test.context.jdbc.SqlScriptsTestExecutionListener] due to a missing dependency. Specify custom TestExecutionListener classes or make the default TestExecutionListener classes and their required dependencies available. Offending class: [org/springframework/transaction/interceptor/TransactionAttribute]
2025-05-26T15:08:42.225+05:30 DEBUG 36441 --- [           main] .b.t.c.SpringBootTestContextBootstrapper : Using TestExecutionListeners for test class [HelloControllerTest]: [ServletTestExecutionListener, DirtiesContextBeforeModesTestExecutionListener, ApplicationEventsTestExecutionListener, MockitoTestExecutionListener, DependencyInjectionTestExecutionListener, DirtiesContextTestExecutionListener, EventPublishingTestExecutionListener, WithSecurityContextTestExecutionListener, ReactorContextTestExecutionListener, ResetMocksTestExecutionListener, RestDocsTestExecutionListener, MockRestServiceServerResetTestExecutionListener, MockMvcPrintOnlyOnFailureTestExecutionListener, WebDriverTestExecutionListener, MockWebServiceServerTestExecutionListener]
2025-05-26T15:08:42.225+05:30 DEBUG 36441 --- [           main] tractDirtiesContextTestExecutionListener : Before test class: class [HelloControllerTest], class annotated with @DirtiesContext [false] with mode [null]
2025-05-26T15:08:42.225+05:30 DEBUG 36441 --- [           main] DependencyInjectionTestExecutionListener : Performing dependency injection for test class codes.rytis.logindemo.controller.HelloControllerTest
2025-05-26T15:08:42.236+05:30 DEBUG 36441 --- [           main] o.s.boot.env.OriginTrackedYamlLoader     : Loading from YAML: class path resource [application.yaml]
2025-05-26T15:08:42.237+05:30 DEBUG 36441 --- [           main] o.s.boot.env.OriginTrackedYamlLoader     : Merging document (no matchers set): {security={jwt={secret-key=verysecretkeyohsosecretdamnhowlongisthispleasedontusethisinproduction, token-duration=1D}}, logging={level={org.springframework=debug}}}
2025-05-26T15:08:42.239+05:30 DEBUG 36441 --- [           main] o.s.boot.env.OriginTrackedYamlLoader     : Loaded 1 document from YAML resource: class path resource [application.yaml]
2025-05-26T15:08:42.245+05:30 DEBUG 36441 --- [           main] .s.b.w.s.c.ApplicationServletEnvironment : Activating profiles []

  .   ____          _            __ _ _
 /\\ / ___'_ __ _ _(_)_ __  __ _ \ \ \ \
( ( )\___ | '_ | '_| | '_ \/ _` | \ \ \ \
 \\/  ___)| |_)| | | | | || (_| |  ) ) ) )
  '  |____| .__|_| |_|_| |_\__, | / / / /
 =========|_|==============|___/=/_/_/_/
 :: Spring Boot ::                (v3.1.0)

2025-05-26T15:08:42.261+05:30  INFO 36441 --- [           main] c.r.l.controller.HelloControllerTest     : Starting HelloControllerTest using Java 17.0.11 with PID 36441 (started by arpitagarwal in /Users/arpitagarwal/Documents/Crio/BDT/spring-security)
2025-05-26T15:08:42.261+05:30  INFO 36441 --- [           main] c.r.l.controller.HelloControllerTest     : No active profile set, falling back to 1 default profile: "default"
2025-05-26T15:08:42.261+05:30 DEBUG 36441 --- [           main] o.s.boot.SpringApplication               : Loading source class codes.rytis.logindemo.LoginDemoApplication
2025-05-26T15:08:42.263+05:30 DEBUG 36441 --- [           main] ConfigServletWebServerApplicationContext : Refreshing org.springframework.boot.web.servlet.context.AnnotationConfigServletWebServerApplicationContext@77ce88c4
2025-05-26T15:08:42.265+05:30 DEBUG 36441 --- [           main] o.s.b.f.s.DefaultListableBeanFactory     : Creating shared instance of singleton bean 'org.springframework.context.annotation.internalConfigurationAnnotationProcessor'
2025-05-26T15:08:42.265+05:30 DEBUG 36441 --- [           main] o.s.b.f.s.DefaultListableBeanFactory     : Creating shared instance of singleton bean 'org.springframework.boot.autoconfigure.internalCachingMetadataReaderFactory'
2025-05-26T15:08:42.276+05:30 DEBUG 36441 --- [           main] o.s.c.a.ClassPathBeanDefinitionScanner   : Identified candidate component class: file [/Users/arpitagarwal/Documents/Crio/BDT/spring-security/target/classes/codes/rytis/logindemo/controller/AuthController.class]
2025-05-26T15:08:42.276+05:30 DEBUG 36441 --- [           main] o.s.c.a.ClassPathBeanDefinitionScanner   : Identified candidate component class: file [/Users/arpitagarwal/Documents/Crio/BDT/spring-security/target/classes/codes/rytis/logindemo/controller/HelloController.class]
2025-05-26T15:08:42.277+05:30 DEBUG 36441 --- [           main] o.s.c.a.ClassPathBeanDefinitionScanner   : Identified candidate component class: file [/Users/arpitagarwal/Documents/Crio/BDT/spring-security/target/classes/codes/rytis/logindemo/security/CustomUserDetailService.class]
2025-05-26T15:08:42.278+05:30 DEBUG 36441 --- [           main] o.s.c.a.ClassPathBeanDefinitionScanner   : Identified candidate component class: file [/Users/arpitagarwal/Documents/Crio/BDT/spring-security/target/classes/codes/rytis/logindemo/security/JwtAuthenticationFilter.class]
2025-05-26T15:08:42.278+05:30 DEBUG 36441 --- [           main] o.s.c.a.ClassPathBeanDefinitionScanner   : Identified candidate component class: file [/Users/arpitagarwal/Documents/Crio/BDT/spring-security/target/classes/codes/rytis/logindemo/security/JwtDecoder.class]
2025-05-26T15:08:42.279+05:30 DEBUG 36441 --- [           main] o.s.c.a.ClassPathBeanDefinitionScanner   : Identified candidate component class: file [/Users/arpitagarwal/Documents/Crio/BDT/spring-security/target/classes/codes/rytis/logindemo/security/JwtIssuer.class]
2025-05-26T15:08:42.280+05:30 DEBUG 36441 --- [           main] o.s.c.a.ClassPathBeanDefinitionScanner   : Identified candidate component class: file [/Users/arpitagarwal/Documents/Crio/BDT/spring-security/target/classes/codes/rytis/logindemo/security/JwtProperties.class]
2025-05-26T15:08:42.280+05:30 DEBUG 36441 --- [           main] o.s.c.a.ClassPathBeanDefinitionScanner   : Identified candidate component class: file [/Users/arpitagarwal/Documents/Crio/BDT/spring-security/target/classes/codes/rytis/logindemo/security/JwtToPrincipalConverter.class]
2025-05-26T15:08:42.280+05:30 DEBUG 36441 --- [           main] o.s.c.a.ClassPathBeanDefinitionScanner   : Identified candidate component class: file [/Users/arpitagarwal/Documents/Crio/BDT/spring-security/target/classes/codes/rytis/logindemo/security/UnauthorizedHandler.class]
2025-05-26T15:08:42.281+05:30 DEBUG 36441 --- [           main] o.s.c.a.ClassPathBeanDefinitionScanner   : Identified candidate component class: file [/Users/arpitagarwal/Documents/Crio/BDT/spring-security/target/classes/codes/rytis/logindemo/security/WebSecurityConfig.class]
2025-05-26T15:08:42.282+05:30 DEBUG 36441 --- [           main] o.s.c.a.ClassPathBeanDefinitionScanner   : Identified candidate component class: file [/Users/arpitagarwal/Documents/Crio/BDT/spring-security/target/classes/codes/rytis/logindemo/service/AuthService.class]
2025-05-26T15:08:42.282+05:30 DEBUG 36441 --- [           main] o.s.c.a.ClassPathBeanDefinitionScanner   : Identified candidate component class: file [/Users/arpitagarwal/Documents/Crio/BDT/spring-security/target/classes/codes/rytis/logindemo/service/UserService.class]
2025-05-26T15:08:42.385+05:30 DEBUG 36441 --- [           main] o.s.b.f.s.DefaultListableBeanFactory     : Creating shared instance of singleton bean 'org.springframework.boot.test.web.client.TestRestTemplateContextCustomizer$TestRestTemplateRegistrar'
2025-05-26T15:08:42.387+05:30 DEBUG 36441 --- [           main] o.s.b.f.s.DefaultListableBeanFactory     : Creating shared instance of singleton bean 'org.springframework.boot.test.context.ImportsContextCustomizer$ImportsCleanupPostProcessor'
2025-05-26T15:08:42.389+05:30 DEBUG 36441 --- [           main] o.s.b.f.s.DefaultListableBeanFactory     : Creating shared instance of singleton bean 'propertySourcesPlaceholderConfigurer'
2025-05-26T15:08:42.389+05:30 DEBUG 36441 --- [           main] o.s.b.f.s.DefaultListableBeanFactory     : Creating shared instance of singleton bean 'org.springframework.boot.test.mock.mockito.MockitoPostProcessor'
2025-05-26T15:08:42.390+05:30 DEBUG 36441 --- [           main] o.s.b.f.s.DefaultListableBeanFactory     : Creating shared instance of singleton bean 'org.springframework.boot.sql.init.dependency.DatabaseInitializationDependencyConfigurer$DependsOnDatabaseInitializationPostProcessor'
2025-05-26T15:08:42.393+05:30 DEBUG 36441 --- [           main] o.s.b.f.s.DefaultListableBeanFactory     : Creating shared instance of singleton bean 'org.springframework.context.event.internalEventListenerProcessor'
2025-05-26T15:08:42.393+05:30 DEBUG 36441 --- [           main] o.s.b.f.s.DefaultListableBeanFactory     : Creating shared instance of singleton bean 'conversionServicePostProcessor'
2025-05-26T15:08:42.393+05:30 DEBUG 36441 --- [           main] o.s.b.f.s.DefaultListableBeanFactory     : Creating shared instance of singleton bean 'preserveErrorControllerTargetClassPostProcessor'
2025-05-26T15:08:42.393+05:30 DEBUG 36441 --- [           main] o.s.b.f.s.DefaultListableBeanFactory     : Creating shared instance of singleton bean 'forceAutoProxyCreatorToUseClassProxying'
2025-05-26T15:08:42.394+05:30 DEBUG 36441 --- [           main] o.s.b.f.s.DefaultListableBeanFactory     : Creating shared instance of singleton bean 'org.springframework.context.event.internalEventListenerFactory'
2025-05-26T15:08:42.395+05:30 DEBUG 36441 --- [           main] o.s.b.f.s.DefaultListableBeanFactory     : Creating shared instance of singleton bean 'org.springframework.context.annotation.internalAutowiredAnnotationProcessor'
2025-05-26T15:08:42.396+05:30 DEBUG 36441 --- [           main] o.s.b.f.s.DefaultListableBeanFactory     : Creating shared instance of singleton bean 'org.springframework.context.annotation.internalCommonAnnotationProcessor'
2025-05-26T15:08:42.396+05:30 DEBUG 36441 --- [           main] o.s.b.f.s.DefaultListableBeanFactory     : Creating shared instance of singleton bean 'org.springframework.boot.test.mock.mockito.MockitoPostProcessor$SpyPostProcessor'
2025-05-26T15:08:42.397+05:30 DEBUG 36441 --- [           main] o.s.b.f.s.DefaultListableBeanFactory     : Creating shared instance of singleton bean 'org.springframework.boot.context.properties.ConfigurationPropertiesBindingPostProcessor'
2025-05-26T15:08:42.397+05:30 DEBUG 36441 --- [           main] o.s.b.f.s.DefaultListableBeanFactory     : Creating shared instance of singleton bean 'org.springframework.boot.context.internalConfigurationPropertiesBinder'
2025-05-26T15:08:42.398+05:30 DEBUG 36441 --- [           main] o.s.b.f.s.DefaultListableBeanFactory     : Creating shared instance of singleton bean 'org.springframework.aop.config.internalAutoProxyCreator'
2025-05-26T15:08:42.399+05:30 DEBUG 36441 --- [           main] o.s.b.f.s.DefaultListableBeanFactory     : Creating shared instance of singleton bean 'webServerFactoryCustomizerBeanPostProcessor'
2025-05-26T15:08:42.400+05:30 DEBUG 36441 --- [           main] o.s.b.f.s.DefaultListableBeanFactory     : Creating shared instance of singleton bean 'errorPageRegistrarBeanPostProcessor'
2025-05-26T15:08:42.400+05:30 DEBUG 36441 --- [           main] o.s.u.c.s.UiApplicationContextUtils      : Unable to locate ThemeSource with name 'themeSource': using default [org.springframework.ui.context.support.ResourceBundleThemeSource@79cdf2d4]
2025-05-26T15:08:42.401+05:30 DEBUG 36441 --- [           main] o.s.b.f.s.DefaultListableBeanFactory     : Creating shared instance of singleton bean 'tomcatServletWebServerFactory'
2025-05-26T15:08:42.401+05:30 DEBUG 36441 --- [           main] o.s.b.f.s.DefaultListableBeanFactory     : Creating shared instance of singleton bean 'org.springframework.boot.autoconfigure.web.servlet.ServletWebServerFactoryConfiguration$EmbeddedTomcat'
2025-05-26T15:08:42.403+05:30 DEBUG 36441 --- [           main] o.s.b.f.s.DefaultListableBeanFactory     : Creating shared instance of singleton bean 'websocketServletWebServerCustomizer'
2025-05-26T15:08:42.403+05:30 DEBUG 36441 --- [           main] o.s.b.f.s.DefaultListableBeanFactory     : Creating shared instance of singleton bean 'org.springframework.boot.autoconfigure.websocket.servlet.WebSocketServletAutoConfiguration$TomcatWebSocketConfiguration'
2025-05-26T15:08:42.404+05:30 DEBUG 36441 --- [           main] o.s.b.f.s.DefaultListableBeanFactory     : Creating shared instance of singleton bean 'servletWebServerFactoryCustomizer'
2025-05-26T15:08:42.404+05:30 DEBUG 36441 --- [           main] o.s.b.f.s.DefaultListableBeanFactory     : Creating shared instance of singleton bean 'org.springframework.boot.autoconfigure.web.servlet.ServletWebServerFactoryAutoConfiguration'
2025-05-26T15:08:42.404+05:30 DEBUG 36441 --- [           main] o.s.b.f.s.DefaultListableBeanFactory     : Creating shared instance of singleton bean 'server-org.springframework.boot.autoconfigure.web.ServerProperties'
2025-05-26T15:08:42.405+05:30 DEBUG 36441 --- [           main] o.s.b.f.s.DefaultListableBeanFactory     : Creating shared instance of singleton bean 'org.springframework.boot.context.properties.BoundConfigurationProperties'
2025-05-26T15:08:42.409+05:30 DEBUG 36441 --- [           main] o.s.b.f.s.DefaultListableBeanFactory     : Autowiring by type from bean name 'servletWebServerFactoryCustomizer' via factory method to bean named 'server-org.springframework.boot.autoconfigure.web.ServerProperties'
2025-05-26T15:08:42.411+05:30 DEBUG 36441 --- [           main] o.s.b.f.s.DefaultListableBeanFactory     : Creating shared instance of singleton bean 'sslBundleRegistry'
2025-05-26T15:08:42.411+05:30 DEBUG 36441 --- [           main] o.s.b.f.s.DefaultListableBeanFactory     : Creating shared instance of singleton bean 'org.springframework.boot.autoconfigure.ssl.SslAutoConfiguration'
2025-05-26T15:08:42.411+05:30 DEBUG 36441 --- [           main] o.s.b.f.s.DefaultListableBeanFactory     : Creating shared instance of singleton bean 'sslPropertiesSslBundleRegistrar'
2025-05-26T15:08:42.412+05:30 DEBUG 36441 --- [           main] o.s.b.f.s.DefaultListableBeanFactory     : Creating shared instance of singleton bean 'spring.ssl-org.springframework.boot.autoconfigure.ssl.SslProperties'
2025-05-26T15:08:42.413+05:30 DEBUG 36441 --- [           main] o.s.b.f.s.DefaultListableBeanFactory     : Autowiring by type from bean name 'sslPropertiesSslBundleRegistrar' via factory method to bean named 'spring.ssl-org.springframework.boot.autoconfigure.ssl.SslProperties'
2025-05-26T15:08:42.413+05:30 DEBUG 36441 --- [           main] o.s.b.f.s.DefaultListableBeanFactory     : Autowiring by type from bean name 'sslBundleRegistry' via factory method to bean named 'sslPropertiesSslBundleRegistrar'
2025-05-26T15:08:42.413+05:30 DEBUG 36441 --- [           main] o.s.b.f.s.DefaultListableBeanFactory     : Creating shared instance of singleton bean 'tomcatServletWebServerFactoryCustomizer'
2025-05-26T15:08:42.414+05:30 DEBUG 36441 --- [           main] o.s.b.f.s.DefaultListableBeanFactory     : Autowiring by type from bean name 'tomcatServletWebServerFactoryCustomizer' via factory method to bean named 'server-org.springframework.boot.autoconfigure.web.ServerProperties'
2025-05-26T15:08:42.414+05:30 DEBUG 36441 --- [           main] o.s.b.f.s.DefaultListableBeanFactory     : Creating shared instance of singleton bean 'tomcatWebServerFactoryCustomizer'
2025-05-26T15:08:42.414+05:30 DEBUG 36441 --- [           main] o.s.b.f.s.DefaultListableBeanFactory     : Creating shared instance of singleton bean 'org.springframework.boot.autoconfigure.web.embedded.EmbeddedWebServerFactoryCustomizerAutoConfiguration$TomcatWebServerFactoryCustomizerConfiguration'
2025-05-26T15:08:42.415+05:30 DEBUG 36441 --- [           main] o.s.b.f.s.DefaultListableBeanFactory     : Autowiring by type from bean name 'tomcatWebServerFactoryCustomizer' via factory method to bean named 'environment'
2025-05-26T15:08:42.415+05:30 DEBUG 36441 --- [           main] o.s.b.f.s.DefaultListableBeanFactory     : Autowiring by type from bean name 'tomcatWebServerFactoryCustomizer' via factory method to bean named 'server-org.springframework.boot.autoconfigure.web.ServerProperties'
2025-05-26T15:08:42.416+05:30 DEBUG 36441 --- [           main] o.s.b.f.s.DefaultListableBeanFactory     : Creating shared instance of singleton bean 'localeCharsetMappingsCustomizer'
2025-05-26T15:08:42.416+05:30 DEBUG 36441 --- [           main] o.s.b.f.s.DefaultListableBeanFactory     : Creating shared instance of singleton bean 'org.springframework.boot.autoconfigure.web.servlet.HttpEncodingAutoConfiguration'
2025-05-26T15:08:42.416+05:30 DEBUG 36441 --- [           main] o.s.b.f.s.DefaultListableBeanFactory     : Autowiring by type from bean name 'org.springframework.boot.autoconfigure.web.servlet.HttpEncodingAutoConfiguration' via constructor to bean named 'server-org.springframework.boot.autoconfigure.web.ServerProperties'
2025-05-26T15:08:42.431+05:30 DEBUG 36441 --- [           main] o.s.b.f.s.DefaultListableBeanFactory     : Creating shared instance of singleton bean 'errorPageCustomizer'
2025-05-26T15:08:42.431+05:30 DEBUG 36441 --- [           main] o.s.b.f.s.DefaultListableBeanFactory     : Creating shared instance of singleton bean 'org.springframework.boot.autoconfigure.web.servlet.error.ErrorMvcAutoConfiguration'
2025-05-26T15:08:42.431+05:30 DEBUG 36441 --- [           main] o.s.b.f.s.DefaultListableBeanFactory     : Autowiring by type from bean name 'org.springframework.boot.autoconfigure.web.servlet.error.ErrorMvcAutoConfiguration' via constructor to bean named 'server-org.springframework.boot.autoconfigure.web.ServerProperties'
2025-05-26T15:08:42.432+05:30 DEBUG 36441 --- [           main] o.s.b.f.s.DefaultListableBeanFactory     : Creating shared instance of singleton bean 'dispatcherServletRegistration'
2025-05-26T15:08:42.433+05:30 DEBUG 36441 --- [           main] o.s.b.f.s.DefaultListableBeanFactory     : Creating shared instance of singleton bean 'org.springframework.boot.autoconfigure.web.servlet.DispatcherServletAutoConfiguration$DispatcherServletRegistrationConfiguration'
2025-05-26T15:08:42.434+05:30 DEBUG 36441 --- [           main] o.s.b.f.s.DefaultListableBeanFactory     : Creating shared instance of singleton bean 'dispatcherServlet'
2025-05-26T15:08:42.434+05:30 DEBUG 36441 --- [           main] o.s.b.f.s.DefaultListableBeanFactory     : Creating shared instance of singleton bean 'org.springframework.boot.autoconfigure.web.servlet.DispatcherServletAutoConfiguration$DispatcherServletConfiguration'
2025-05-26T15:08:42.434+05:30 DEBUG 36441 --- [           main] o.s.b.f.s.DefaultListableBeanFactory     : Creating shared instance of singleton bean 'spring.mvc-org.springframework.boot.autoconfigure.web.servlet.WebMvcProperties'
2025-05-26T15:08:42.438+05:30 DEBUG 36441 --- [           main] o.s.b.f.s.DefaultListableBeanFactory     : Autowiring by type from bean name 'dispatcherServlet' via factory method to bean named 'spring.mvc-org.springframework.boot.autoconfigure.web.servlet.WebMvcProperties'
2025-05-26T15:08:42.440+05:30 DEBUG 36441 --- [           main] o.s.b.f.s.DefaultListableBeanFactory     : Autowiring by type from bean name 'dispatcherServletRegistration' via factory method to bean named 'dispatcherServlet'
2025-05-26T15:08:42.440+05:30 DEBUG 36441 --- [           main] o.s.b.f.s.DefaultListableBeanFactory     : Autowiring by type from bean name 'dispatcherServletRegistration' via factory method to bean named 'spring.mvc-org.springframework.boot.autoconfigure.web.servlet.WebMvcProperties'
2025-05-26T15:08:42.441+05:30 DEBUG 36441 --- [           main] o.s.b.f.s.DefaultListableBeanFactory     : Creating shared instance of singleton bean 'multipartConfigElement'
2025-05-26T15:08:42.441+05:30 DEBUG 36441 --- [           main] o.s.b.f.s.DefaultListableBeanFactory     : Creating shared instance of singleton bean 'org.springframework.boot.autoconfigure.web.servlet.MultipartAutoConfiguration'
2025-05-26T15:08:42.441+05:30 DEBUG 36441 --- [           main] o.s.b.f.s.DefaultListableBeanFactory     : Creating shared instance of singleton bean 'spring.servlet.multipart-org.springframework.boot.autoconfigure.web.servlet.MultipartProperties'
2025-05-26T15:08:42.444+05:30 DEBUG 36441 --- [           main] o.s.b.f.s.DefaultListableBeanFactory     : Autowiring by type from bean name 'org.springframework.boot.autoconfigure.web.servlet.MultipartAutoConfiguration' via constructor to bean named 'spring.servlet.multipart-org.springframework.boot.autoconfigure.web.servlet.MultipartProperties'
2025-05-26T15:08:42.445+05:30 DEBUG 36441 --- [           main] o.s.b.f.s.DefaultListableBeanFactory     : Autowiring by type from bean name 'errorPageCustomizer' via factory method to bean named 'dispatcherServletRegistration'
2025-05-26T15:08:42.550+05:30 DEBUG 36441 --- [           main] .s.b.w.e.t.TomcatServletWebServerFactory : Code archive: /Users/arpitagarwal/.m2/repository/org/springframework/boot/spring-boot/3.1.0/spring-boot-3.1.0.jar
2025-05-26T15:08:42.550+05:30 DEBUG 36441 --- [           main] .s.b.w.e.t.TomcatServletWebServerFactory : Code archive: /Users/arpitagarwal/.m2/repository/org/springframework/boot/spring-boot/3.1.0/spring-boot-3.1.0.jar
2025-05-26T15:08:42.550+05:30 DEBUG 36441 --- [           main] .s.b.w.e.t.TomcatServletWebServerFactory : None of the document roots [src/main/webapp, public, static] point to a directory and will be ignored.
2025-05-26T15:08:42.576+05:30  INFO 36441 --- [           main] o.s.b.w.embedded.tomcat.TomcatWebServer  : Tomcat initialized with port(s): 0 (http)
2025-05-26T15:08:42.588+05:30  INFO 36441 --- [           main] o.apache.catalina.core.StandardService   : Starting service [Tomcat]
2025-05-26T15:08:42.588+05:30  INFO 36441 --- [           main] o.apache.catalina.core.StandardEngine    : Starting Servlet engine: [Apache Tomcat/10.1.8]
2025-05-26T15:08:42.654+05:30  INFO 36441 --- [           main] o.a.c.c.C.[Tomcat].[localhost].[/]       : Initializing Spring embedded WebApplicationContext
2025-05-26T15:08:42.655+05:30 DEBUG 36441 --- [           main] w.s.c.ServletWebServerApplicationContext : Published root WebApplicationContext as ServletContext attribute with name [org.springframework.web.context.WebApplicationContext.ROOT]
2025-05-26T15:08:42.655+05:30  INFO 36441 --- [           main] w.s.c.ServletWebServerApplicationContext : Root WebApplicationContext: initialization completed in 392 ms
2025-05-26T15:08:42.656+05:30 DEBUG 36441 --- [           main] o.s.b.f.s.DefaultListableBeanFactory     : Creating shared instance of singleton bean 'securityFilterChainRegistration'
2025-05-26T15:08:42.656+05:30 DEBUG 36441 --- [           main] o.s.b.f.s.DefaultListableBeanFactory     : Creating shared instance of singleton bean 'org.springframework.boot.autoconfigure.security.servlet.SecurityFilterAutoConfiguration'
2025-05-26T15:08:42.657+05:30 DEBUG 36441 --- [           main] o.s.b.f.s.DefaultListableBeanFactory     : Creating shared instance of singleton bean 'spring.security-org.springframework.boot.autoconfigure.security.SecurityProperties'
2025-05-26T15:08:42.658+05:30 DEBUG 36441 --- [           main] o.s.b.f.s.DefaultListableBeanFactory     : Autowiring by type from bean name 'securityFilterChainRegistration' via factory method to bean named 'spring.security-org.springframework.boot.autoconfigure.security.SecurityProperties'
2025-05-26T15:08:42.660+05:30 DEBUG 36441 --- [           main] o.s.b.f.s.DefaultListableBeanFactory     : Creating shared instance of singleton bean 'jwtAuthenticationFilter'
2025-05-26T15:08:42.660+05:30 DEBUG 36441 --- [           main] o.s.b.f.s.DefaultListableBeanFactory     : Creating shared instance of singleton bean 'jwtDecoder'
2025-05-26T15:08:42.660+05:30 DEBUG 36441 --- [           main] o.s.b.f.s.DefaultListableBeanFactory     : Creating shared instance of singleton bean 'jwtProperties'
2025-05-26T15:08:42.662+05:30 DEBUG 36441 --- [           main] o.s.b.f.s.DefaultListableBeanFactory     : Autowiring by type from bean name 'jwtDecoder' via constructor to bean named 'jwtProperties'
2025-05-26T15:08:42.662+05:30 DEBUG 36441 --- [           main] o.s.b.f.s.DefaultListableBeanFactory     : Creating shared instance of singleton bean 'jwtToPrincipalConverter'
2025-05-26T15:08:42.662+05:30 DEBUG 36441 --- [           main] o.s.b.f.s.DefaultListableBeanFactory     : Autowiring by type from bean name 'jwtAuthenticationFilter' via constructor to bean named 'jwtDecoder'
2025-05-26T15:08:42.662+05:30 DEBUG 36441 --- [           main] o.s.b.f.s.DefaultListableBeanFactory     : Autowiring by type from bean name 'jwtAuthenticationFilter' via constructor to bean named 'jwtToPrincipalConverter'
2025-05-26T15:08:42.663+05:30 DEBUG 36441 --- [           main] o.s.b.f.s.DefaultListableBeanFactory     : Creating shared instance of singleton bean 'requestContextFilter'
2025-05-26T15:08:42.663+05:30 DEBUG 36441 --- [           main] o.s.b.f.s.DefaultListableBeanFactory     : Creating shared instance of singleton bean 'formContentFilter'
2025-05-26T15:08:42.663+05:30 DEBUG 36441 --- [           main] o.s.b.f.s.DefaultListableBeanFactory     : Creating shared instance of singleton bean 'org.springframework.boot.autoconfigure.web.servlet.WebMvcAutoConfiguration'
2025-05-26T15:08:42.664+05:30 DEBUG 36441 --- [           main] o.s.b.f.s.DefaultListableBeanFactory     : Creating shared instance of singleton bean 'characterEncodingFilter'
2025-05-26T15:08:42.668+05:30 DEBUG 36441 --- [           main] o.s.b.w.s.ServletContextInitializerBeans : Mapping filters: springSecurityFilterChain urls=[/*] order=-100, characterEncodingFilter urls=[/*] order=-2147483648, formContentFilter urls=[/*] order=-9900, requestContextFilter urls=[/*] order=-105, jwtAuthenticationFilter urls=[/*] order=2147483647
2025-05-26T15:08:42.669+05:30 DEBUG 36441 --- [           main] o.s.b.w.s.ServletContextInitializerBeans : Mapping servlets: dispatcherServlet urls=[/]
2025-05-26T15:08:42.687+05:30 DEBUG 36441 --- [           main] o.s.b.w.s.f.OrderedRequestContextFilter  : Filter 'requestContextFilter' configured for use
2025-05-26T15:08:42.690+05:30 DEBUG 36441 --- [           main] s.b.w.s.f.OrderedCharacterEncodingFilter : Filter 'characterEncodingFilter' configured for use
2025-05-26T15:08:42.690+05:30 DEBUG 36441 --- [           main] .DelegatingFilterProxyRegistrationBean$1 : Filter 'springSecurityFilterChain' configured for use
2025-05-26T15:08:42.690+05:30 DEBUG 36441 --- [           main] o.s.b.w.s.f.OrderedFormContentFilter     : Filter 'formContentFilter' configured for use
2025-05-26T15:08:42.695+05:30 DEBUG 36441 --- [           main] o.s.b.f.s.DefaultListableBeanFactory     : Creating shared instance of singleton bean 'loginDemoApplication'
2025-05-26T15:08:42.695+05:30 DEBUG 36441 --- [           main] o.s.b.f.s.DefaultListableBeanFactory     : Creating shared instance of singleton bean 'authController'
2025-05-26T15:08:42.696+05:30 DEBUG 36441 --- [           main] o.s.b.f.s.DefaultListableBeanFactory     : Creating shared instance of singleton bean 'authService'
2025-05-26T15:08:42.696+05:30 DEBUG 36441 --- [           main] o.s.b.f.s.DefaultListableBeanFactory     : Creating shared instance of singleton bean 'jwtIssuer'
2025-05-26T15:08:42.696+05:30 DEBUG 36441 --- [           main] o.s.b.f.s.DefaultListableBeanFactory     : Autowiring by type from bean name 'jwtIssuer' via constructor to bean named 'jwtProperties'
2025-05-26T15:08:42.697+05:30 DEBUG 36441 --- [           main] o.s.b.f.s.DefaultListableBeanFactory     : Creating shared instance of singleton bean 'authenticationManager'
2025-05-26T15:08:42.697+05:30 DEBUG 36441 --- [           main] o.s.b.f.s.DefaultListableBeanFactory     : Creating shared instance of singleton bean 'webSecurityConfig'
2025-05-26T15:08:42.697+05:30 DEBUG 36441 --- [           main] o.s.b.f.s.DefaultListableBeanFactory     : Creating shared instance of singleton bean 'customUserDetailService'
2025-05-26T15:08:42.697+05:30 DEBUG 36441 --- [           main] o.s.b.f.s.DefaultListableBeanFactory     : Creating shared instance of singleton bean 'userService'
2025-05-26T15:08:42.697+05:30 DEBUG 36441 --- [           main] o.s.b.f.s.DefaultListableBeanFactory     : Autowiring by type from bean name 'customUserDetailService' via constructor to bean named 'userService'
2025-05-26T15:08:42.698+05:30 DEBUG 36441 --- [           main] o.s.b.f.s.DefaultListableBeanFactory     : Creating shared instance of singleton bean 'unauthorizedHandler'
2025-05-26T15:08:42.698+05:30 DEBUG 36441 --- [           main] o.s.b.f.s.DefaultListableBeanFactory     : Autowiring by type from bean name 'webSecurityConfig' via constructor to bean named 'jwtAuthenticationFilter'
2025-05-26T15:08:42.698+05:30 DEBUG 36441 --- [           main] o.s.b.f.s.DefaultListableBeanFactory     : Autowiring by type from bean name 'webSecurityConfig' via constructor to bean named 'customUserDetailService'
2025-05-26T15:08:42.698+05:30 DEBUG 36441 --- [           main] o.s.b.f.s.DefaultListableBeanFactory     : Autowiring by type from bean name 'webSecurityConfig' via constructor to bean named 'unauthorizedHandler'
2025-05-26T15:08:42.698+05:30 DEBUG 36441 --- [           main] o.s.b.f.s.DefaultListableBeanFactory     : Creating shared instance of singleton bean 'org.springframework.security.config.annotation.web.configuration.HttpSecurityConfiguration'
2025-05-26T15:08:42.699+05:30 DEBUG 36441 --- [           main] o.s.b.f.s.DefaultListableBeanFactory     : Creating shared instance of singleton bean 'objectPostProcessor'
2025-05-26T15:08:42.699+05:30 DEBUG 36441 --- [           main] o.s.b.f.s.DefaultListableBeanFactory     : Creating shared instance of singleton bean 'org.springframework.security.config.annotation.configuration.ObjectPostProcessorConfiguration'
2025-05-26T15:08:42.699+05:30 DEBUG 36441 --- [           main] o.s.b.f.s.DefaultListableBeanFactory     : Autowiring by type from bean name 'objectPostProcessor' via factory method to bean named 'org.springframework.beans.factory.support.DefaultListableBeanFactory@b55f5b7'
2025-05-26T15:08:42.700+05:30 DEBUG 36441 --- [           main] o.s.b.f.s.DefaultListableBeanFactory     : Creating shared instance of singleton bean 'org.springframework.security.config.annotation.authentication.configuration.AuthenticationConfiguration'
2025-05-26T15:08:42.701+05:30 DEBUG 36441 --- [           main] o.s.b.f.s.DefaultListableBeanFactory     : Creating shared instance of singleton bean 'enableGlobalAuthenticationAutowiredConfigurer'
2025-05-26T15:08:42.701+05:30 DEBUG 36441 --- [           main] o.s.b.f.s.DefaultListableBeanFactory     : Autowiring by type from bean name 'enableGlobalAuthenticationAutowiredConfigurer' via factory method to bean named 'org.springframework.boot.web.servlet.context.AnnotationConfigServletWebServerApplicationContext@77ce88c4'
2025-05-26T15:08:42.701+05:30 DEBUG 36441 --- [           main] o.s.b.f.s.DefaultListableBeanFactory     : Creating shared instance of singleton bean 'initializeUserDetailsBeanManagerConfigurer'
2025-05-26T15:08:42.701+05:30 DEBUG 36441 --- [           main] o.s.b.f.s.DefaultListableBeanFactory     : Autowiring by type from bean name 'initializeUserDetailsBeanManagerConfigurer' via factory method to bean named 'org.springframework.boot.web.servlet.context.AnnotationConfigServletWebServerApplicationContext@77ce88c4'
2025-05-26T15:08:42.701+05:30 DEBUG 36441 --- [           main] o.s.b.f.s.DefaultListableBeanFactory     : Creating shared instance of singleton bean 'initializeAuthenticationProviderBeanManagerConfigurer'
2025-05-26T15:08:42.701+05:30 DEBUG 36441 --- [           main] o.s.b.f.s.DefaultListableBeanFactory     : Autowiring by type from bean name 'initializeAuthenticationProviderBeanManagerConfigurer' via factory method to bean named 'org.springframework.boot.web.servlet.context.AnnotationConfigServletWebServerApplicationContext@77ce88c4'
2025-05-26T15:08:42.702+05:30 DEBUG 36441 --- [           main] o.s.b.f.s.DefaultListableBeanFactory     : Creating shared instance of singleton bean 'mvcContentNegotiationManager'
2025-05-26T15:08:42.702+05:30 DEBUG 36441 --- [           main] o.s.b.f.s.DefaultListableBeanFactory     : Creating shared instance of singleton bean 'org.springframework.boot.autoconfigure.web.servlet.WebMvcAutoConfiguration$EnableWebMvcConfiguration'
2025-05-26T15:08:42.702+05:30 DEBUG 36441 --- [           main] o.s.b.f.s.DefaultListableBeanFactory     : Creating shared instance of singleton bean 'spring.web-org.springframework.boot.autoconfigure.web.WebProperties'
2025-05-26T15:08:42.703+05:30 DEBUG 36441 --- [           main] o.s.b.f.s.DefaultListableBeanFactory     : Autowiring by type from bean name 'org.springframework.boot.autoconfigure.web.servlet.WebMvcAutoConfiguration$EnableWebMvcConfiguration' via constructor to bean named 'spring.mvc-org.springframework.boot.autoconfigure.web.servlet.WebMvcProperties'
2025-05-26T15:08:42.703+05:30 DEBUG 36441 --- [           main] o.s.b.f.s.DefaultListableBeanFactory     : Autowiring by type from bean name 'org.springframework.boot.autoconfigure.web.servlet.WebMvcAutoConfiguration$EnableWebMvcConfiguration' via constructor to bean named 'spring.web-org.springframework.boot.autoconfigure.web.WebProperties'
2025-05-26T15:08:42.703+05:30 DEBUG 36441 --- [           main] o.s.b.f.s.DefaultListableBeanFactory     : Autowiring by type from bean name 'org.springframework.boot.autoconfigure.web.servlet.WebMvcAutoConfiguration$EnableWebMvcConfiguration' via constructor to bean named 'org.springframework.beans.factory.support.DefaultListableBeanFactory@b55f5b7'
2025-05-26T15:08:42.705+05:30 DEBUG 36441 --- [           main] o.s.b.f.s.DefaultListableBeanFactory     : Creating shared instance of singleton bean 'org.springframework.security.config.annotation.web.configuration.WebMvcSecurityConfiguration'
2025-05-26T15:08:42.705+05:30 DEBUG 36441 --- [           main] o.s.b.f.s.DefaultListableBeanFactory     : Creating shared instance of singleton bean 'org.springframework.boot.autoconfigure.web.servlet.WebMvcAutoConfiguration$WebMvcAutoConfigurationAdapter'
2025-05-26T15:08:42.705+05:30 DEBUG 36441 --- [           main] o.s.b.f.s.DefaultListableBeanFactory     : Autowiring by type from bean name 'org.springframework.boot.autoconfigure.web.servlet.WebMvcAutoConfiguration$WebMvcAutoConfigurationAdapter' via constructor to bean named 'spring.web-org.springframework.boot.autoconfigure.web.WebProperties'
2025-05-26T15:08:42.705+05:30 DEBUG 36441 --- [           main] o.s.b.f.s.DefaultListableBeanFactory     : Autowiring by type from bean name 'org.springframework.boot.autoconfigure.web.servlet.WebMvcAutoConfiguration$WebMvcAutoConfigurationAdapter' via constructor to bean named 'spring.mvc-org.springframework.boot.autoconfigure.web.servlet.WebMvcProperties'
2025-05-26T15:08:42.705+05:30 DEBUG 36441 --- [           main] o.s.b.f.s.DefaultListableBeanFactory     : Autowiring by type from bean name 'org.springframework.boot.autoconfigure.web.servlet.WebMvcAutoConfiguration$WebMvcAutoConfigurationAdapter' via constructor to bean named 'org.springframework.beans.factory.support.DefaultListableBeanFactory@b55f5b7'
2025-05-26T15:08:42.706+05:30 DEBUG 36441 --- [           main] o.s.b.f.s.DefaultListableBeanFactory     : Creating shared instance of singleton bean 'authenticationManagerBuilder'
2025-05-26T15:08:42.706+05:30 DEBUG 36441 --- [           main] o.s.b.f.s.DefaultListableBeanFactory     : Autowiring by type from bean name 'authenticationManagerBuilder' via factory method to bean named 'objectPostProcessor'
2025-05-26T15:08:42.706+05:30 DEBUG 36441 --- [           main] o.s.b.f.s.DefaultListableBeanFactory     : Autowiring by type from bean name 'authenticationManagerBuilder' via factory method to bean named 'org.springframework.boot.web.servlet.context.AnnotationConfigServletWebServerApplicationContext@77ce88c4'
2025-05-26T15:08:42.706+05:30 DEBUG 36441 --- [           main] o.s.b.f.s.DefaultListableBeanFactory     : Creating shared instance of singleton bean 'authenticationEventPublisher'
2025-05-26T15:08:42.706+05:30 DEBUG 36441 --- [           main] o.s.b.f.s.DefaultListableBeanFactory     : Creating shared instance of singleton bean 'org.springframework.boot.autoconfigure.security.servlet.SecurityAutoConfiguration'
2025-05-26T15:08:42.707+05:30 DEBUG 36441 --- [           main] o.s.b.f.s.DefaultListableBeanFactory     : Autowiring by type from bean name 'authenticationEventPublisher' via factory method to bean named 'org.springframework.boot.web.servlet.context.AnnotationConfigServletWebServerApplicationContext@77ce88c4'
2025-05-26T15:08:42.709+05:30 DEBUG 36441 --- [           main] o.s.b.f.s.DefaultListableBeanFactory     : Creating shared instance of singleton bean 'passwordEncoder'
2025-05-26T15:08:42.710+05:30 DEBUG 36441 --- [           main] o.s.b.f.s.DefaultListableBeanFactory     : Autowiring by type from bean name 'authenticationManager' via factory method to bean named 'org.springframework.security.config.annotation.web.configuration.HttpSecurityConfiguration.httpSecurity'
2025-05-26T15:08:42.711+05:30 DEBUG 36441 --- [           main] o.s.b.f.s.DefaultListableBeanFactory     : Autowiring by type from bean name 'authService' via constructor to bean named 'jwtIssuer'
2025-05-26T15:08:42.711+05:30 DEBUG 36441 --- [           main] o.s.b.f.s.DefaultListableBeanFactory     : Autowiring by type from bean name 'authService' via constructor to bean named 'authenticationManager'
2025-05-26T15:08:42.711+05:30 DEBUG 36441 --- [           main] o.s.b.f.s.DefaultListableBeanFactory     : Autowiring by type from bean name 'authController' via constructor to bean named 'authService'
2025-05-26T15:08:42.711+05:30 DEBUG 36441 --- [           main] o.s.b.f.s.DefaultListableBeanFactory     : Creating shared instance of singleton bean 'helloController'
2025-05-26T15:08:42.711+05:30 DEBUG 36441 --- [           main] o.s.b.f.s.DefaultListableBeanFactory     : Creating shared instance of singleton bean 'org.springframework.security.config.annotation.web.configuration.WebSecurityConfiguration'
2025-05-26T15:08:42.712+05:30 DEBUG 36441 --- [           main] o.s.b.f.s.DefaultListableBeanFactory     : Creating shared instance of singleton bean 'applicationSecurity'
2025-05-26T15:08:42.713+05:30 DEBUG 36441 --- [           main] o.s.b.f.s.DefaultListableBeanFactory     : Autowiring by type from bean name 'applicationSecurity' via factory method to bean named 'org.springframework.security.config.annotation.web.configuration.HttpSecurityConfiguration.httpSecurity'
2025-05-26T15:08:42.713+05:30 DEBUG 36441 --- [           main] o.s.b.f.s.DefaultListableBeanFactory     : Creating shared instance of singleton bean 'mvcHandlerMappingIntrospector'
2025-05-26T15:08:42.713+05:30 DEBUG 36441 --- [           main] o.s.b.f.s.DefaultListableBeanFactory     : Creating shared instance of singleton bean 'welcomePageHandlerMapping'
2025-05-26T15:08:42.713+05:30 DEBUG 36441 --- [           main] o.s.b.f.s.DefaultListableBeanFactory     : Creating shared instance of singleton bean 'mvcConversionService'
2025-05-26T15:08:42.715+05:30 DEBUG 36441 --- [           main] o.s.b.f.s.DefaultListableBeanFactory     : Creating shared instance of singleton bean 'mvcResourceUrlProvider'
2025-05-26T15:08:42.715+05:30 DEBUG 36441 --- [           main] o.s.b.f.s.DefaultListableBeanFactory     : Autowiring by type from bean name 'welcomePageHandlerMapping' via factory method to bean named 'org.springframework.boot.web.servlet.context.AnnotationConfigServletWebServerApplicationContext@77ce88c4'
2025-05-26T15:08:42.715+05:30 DEBUG 36441 --- [           main] o.s.b.f.s.DefaultListableBeanFactory     : Autowiring by type from bean name 'welcomePageHandlerMapping' via factory method to bean named 'mvcConversionService'
2025-05-26T15:08:42.715+05:30 DEBUG 36441 --- [           main] o.s.b.f.s.DefaultListableBeanFactory     : Autowiring by type from bean name 'welcomePageHandlerMapping' via factory method to bean named 'mvcResourceUrlProvider'
2025-05-26T15:08:42.717+05:30 DEBUG 36441 --- [           main] o.s.b.f.s.DefaultListableBeanFactory     : Creating shared instance of singleton bean 'welcomePageNotAcceptableHandlerMapping'
2025-05-26T15:08:42.717+05:30 DEBUG 36441 --- [           main] o.s.b.f.s.DefaultListableBeanFactory     : Autowiring by type from bean name 'welcomePageNotAcceptableHandlerMapping' via factory method to bean named 'org.springframework.boot.web.servlet.context.AnnotationConfigServletWebServerApplicationContext@77ce88c4'
2025-05-26T15:08:42.717+05:30 DEBUG 36441 --- [           main] o.s.b.f.s.DefaultListableBeanFactory     : Autowiring by type from bean name 'welcomePageNotAcceptableHandlerMapping' via factory method to bean named 'mvcConversionService'
2025-05-26T15:08:42.717+05:30 DEBUG 36441 --- [           main] o.s.b.f.s.DefaultListableBeanFactory     : Autowiring by type from bean name 'welcomePageNotAcceptableHandlerMapping' via factory method to bean named 'mvcResourceUrlProvider'
2025-05-26T15:08:42.718+05:30 DEBUG 36441 --- [           main] o.s.b.f.s.DefaultListableBeanFactory     : Creating shared instance of singleton bean 'requestMappingHandlerMapping'
2025-05-26T15:08:42.718+05:30 DEBUG 36441 --- [           main] o.s.b.f.s.DefaultListableBeanFactory     : Autowiring by type from bean name 'requestMappingHandlerMapping' via factory method to bean named 'mvcContentNegotiationManager'
2025-05-26T15:08:42.718+05:30 DEBUG 36441 --- [           main] o.s.b.f.s.DefaultListableBeanFactory     : Autowiring by type from bean name 'requestMappingHandlerMapping' via factory method to bean named 'mvcConversionService'
2025-05-26T15:08:42.718+05:30 DEBUG 36441 --- [           main] o.s.b.f.s.DefaultListableBeanFactory     : Autowiring by type from bean name 'requestMappingHandlerMapping' via factory method to bean named 'mvcResourceUrlProvider'
2025-05-26T15:08:42.722+05:30 DEBUG 36441 --- [           main] s.w.s.m.m.a.RequestMappingHandlerMapping : 7 mappings in 'requestMappingHandlerMapping'
2025-05-26T15:08:42.722+05:30 DEBUG 36441 --- [           main] o.s.b.f.s.DefaultListableBeanFactory     : Creating shared instance of singleton bean 'viewControllerHandlerMapping'
2025-05-26T15:08:42.722+05:30 DEBUG 36441 --- [           main] o.s.b.f.s.DefaultListableBeanFactory     : Autowiring by type from bean name 'viewControllerHandlerMapping' via factory method to bean named 'mvcConversionService'
2025-05-26T15:08:42.722+05:30 DEBUG 36441 --- [           main] o.s.b.f.s.DefaultListableBeanFactory     : Autowiring by type from bean name 'viewControllerHandlerMapping' via factory method to bean named 'mvcResourceUrlProvider'
2025-05-26T15:08:42.722+05:30 DEBUG 36441 --- [           main] o.s.b.f.s.DefaultListableBeanFactory     : Creating shared instance of singleton bean 'beanNameHandlerMapping'
2025-05-26T15:08:42.723+05:30 DEBUG 36441 --- [           main] o.s.b.f.s.DefaultListableBeanFactory     : Autowiring by type from bean name 'beanNameHandlerMapping' via factory method to bean named 'mvcConversionService'
2025-05-26T15:08:42.723+05:30 DEBUG 36441 --- [           main] o.s.b.f.s.DefaultListableBeanFactory     : Autowiring by type from bean name 'beanNameHandlerMapping' via factory method to bean named 'mvcResourceUrlProvider'
2025-05-26T15:08:42.723+05:30 DEBUG 36441 --- [           main] o.s.b.f.s.DefaultListableBeanFactory     : Creating shared instance of singleton bean 'routerFunctionMapping'
2025-05-26T15:08:42.724+05:30 DEBUG 36441 --- [           main] o.s.b.f.s.DefaultListableBeanFactory     : Autowiring by type from bean name 'routerFunctionMapping' via factory method to bean named 'mvcConversionService'
2025-05-26T15:08:42.724+05:30 DEBUG 36441 --- [           main] o.s.b.f.s.DefaultListableBeanFactory     : Autowiring by type from bean name 'routerFunctionMapping' via factory method to bean named 'mvcResourceUrlProvider'
2025-05-26T15:08:42.724+05:30 DEBUG 36441 --- [           main] o.s.b.f.s.DefaultListableBeanFactory     : Creating shared instance of singleton bean 'messageConverters'
2025-05-26T15:08:42.724+05:30 DEBUG 36441 --- [           main] o.s.b.f.s.DefaultListableBeanFactory     : Creating shared instance of singleton bean 'org.springframework.boot.autoconfigure.http.HttpMessageConvertersAutoConfiguration'
2025-05-26T15:08:42.724+05:30 DEBUG 36441 --- [           main] o.s.b.f.s.DefaultListableBeanFactory     : Creating shared instance of singleton bean 'stringHttpMessageConverter'
2025-05-26T15:08:42.724+05:30 DEBUG 36441 --- [           main] o.s.b.f.s.DefaultListableBeanFactory     : Creating shared instance of singleton bean 'org.springframework.boot.autoconfigure.http.HttpMessageConvertersAutoConfiguration$StringHttpMessageConverterConfiguration'
2025-05-26T15:08:42.725+05:30 DEBUG 36441 --- [           main] o.s.b.f.s.DefaultListableBeanFactory     : Autowiring by type from bean name 'stringHttpMessageConverter' via factory method to bean named 'environment'
2025-05-26T15:08:42.726+05:30 DEBUG 36441 --- [           main] o.s.b.f.s.DefaultListableBeanFactory     : Creating shared instance of singleton bean 'mappingJackson2HttpMessageConverter'
2025-05-26T15:08:42.726+05:30 DEBUG 36441 --- [           main] o.s.b.f.s.DefaultListableBeanFactory     : Creating shared instance of singleton bean 'org.springframework.boot.autoconfigure.http.JacksonHttpMessageConvertersConfiguration$MappingJackson2HttpMessageConverterConfiguration'
2025-05-26T15:08:42.726+05:30 DEBUG 36441 --- [           main] o.s.b.f.s.DefaultListableBeanFactory     : Creating shared instance of singleton bean 'jacksonObjectMapper'
2025-05-26T15:08:42.726+05:30 DEBUG 36441 --- [           main] o.s.b.f.s.DefaultListableBeanFactory     : Creating shared instance of singleton bean 'org.springframework.boot.autoconfigure.jackson.JacksonAutoConfiguration$JacksonObjectMapperConfiguration'
2025-05-26T15:08:42.726+05:30 DEBUG 36441 --- [           main] o.s.b.f.s.DefaultListableBeanFactory     : Creating shared instance of singleton bean 'org.springframework.boot.autoconfigure.jackson.JacksonAutoConfiguration$JacksonObjectMapperBuilderConfiguration'
2025-05-26T15:08:42.727+05:30 DEBUG 36441 --- [           main] o.s.b.f.s.DefaultListableBeanFactory     : Creating shared instance of singleton bean 'standardJacksonObjectMapperBuilderCustomizer'
2025-05-26T15:08:42.727+05:30 DEBUG 36441 --- [           main] o.s.b.f.s.DefaultListableBeanFactory     : Creating shared instance of singleton bean 'org.springframework.boot.autoconfigure.jackson.JacksonAutoConfiguration$Jackson2ObjectMapperBuilderCustomizerConfiguration'
2025-05-26T15:08:42.727+05:30 DEBUG 36441 --- [           main] o.s.b.f.s.DefaultListableBeanFactory     : Creating shared instance of singleton bean 'spring.jackson-org.springframework.boot.autoconfigure.jackson.JacksonProperties'
2025-05-26T15:08:42.729+05:30 DEBUG 36441 --- [           main] o.s.b.f.s.DefaultListableBeanFactory     : Autowiring by type from bean name 'standardJacksonObjectMapperBuilderCustomizer' via factory method to bean named 'spring.jackson-org.springframework.boot.autoconfigure.jackson.JacksonProperties'
2025-05-26T15:08:42.729+05:30 DEBUG 36441 --- [           main] o.s.b.f.s.DefaultListableBeanFactory     : Creating shared instance of singleton bean 'parameterNamesModule'
2025-05-26T15:08:42.729+05:30 DEBUG 36441 --- [           main] o.s.b.f.s.DefaultListableBeanFactory     : Creating shared instance of singleton bean 'org.springframework.boot.autoconfigure.jackson.JacksonAutoConfiguration$ParameterNamesModuleConfiguration'
2025-05-26T15:08:42.729+05:30 DEBUG 36441 --- [           main] o.s.b.f.s.DefaultListableBeanFactory     : Creating shared instance of singleton bean 'jsonMixinModule'
2025-05-26T15:08:42.729+05:30 DEBUG 36441 --- [           main] o.s.b.f.s.DefaultListableBeanFactory     : Creating shared instance of singleton bean 'org.springframework.boot.autoconfigure.jackson.JacksonAutoConfiguration$JacksonMixinConfiguration'
2025-05-26T15:08:42.729+05:30 DEBUG 36441 --- [           main] o.s.b.f.s.DefaultListableBeanFactory     : Creating shared instance of singleton bean 'jsonMixinModuleEntries'
2025-05-26T15:08:42.729+05:30 DEBUG 36441 --- [           main] o.s.b.f.s.DefaultListableBeanFactory     : Autowiring by type from bean name 'jsonMixinModuleEntries' via factory method to bean named 'org.springframework.boot.web.servlet.context.AnnotationConfigServletWebServerApplicationContext@77ce88c4'
2025-05-26T15:08:42.729+05:30 DEBUG 36441 --- [           main] o.s.b.f.s.DefaultListableBeanFactory     : Creating shared instance of singleton bean 'org.springframework.boot.autoconfigure.AutoConfigurationPackages'
2025-05-26T15:08:42.730+05:30 DEBUG 36441 --- [           main] o.s.b.a.AutoConfigurationPackages        : @EnableAutoConfiguration was declared on a class in the package 'codes.rytis.logindemo'. Automatic @Repository and @Entity scanning is enabled.
2025-05-26T15:08:42.733+05:30 DEBUG 36441 --- [           main] o.s.b.f.s.DefaultListableBeanFactory     : Autowiring by type from bean name 'jsonMixinModule' via factory method to bean named 'org.springframework.boot.web.servlet.context.AnnotationConfigServletWebServerApplicationContext@77ce88c4'
2025-05-26T15:08:42.733+05:30 DEBUG 36441 --- [           main] o.s.b.f.s.DefaultListableBeanFactory     : Autowiring by type from bean name 'jsonMixinModule' via factory method to bean named 'jsonMixinModuleEntries'
2025-05-26T15:08:42.733+05:30 DEBUG 36441 --- [           main] o.s.b.f.s.DefaultListableBeanFactory     : Creating shared instance of singleton bean 'jsonComponentModule'
2025-05-26T15:08:42.733+05:30 DEBUG 36441 --- [           main] o.s.b.f.s.DefaultListableBeanFactory     : Creating shared instance of singleton bean 'org.springframework.boot.autoconfigure.jackson.JacksonAutoConfiguration'
2025-05-26T15:08:42.735+05:30 DEBUG 36441 --- [           main] o.s.b.f.s.DefaultListableBeanFactory     : Autowiring by type from bean name 'jacksonObjectMapperBuilder' via factory method to bean named 'org.springframework.boot.web.servlet.context.AnnotationConfigServletWebServerApplicationContext@77ce88c4'
2025-05-26T15:08:42.735+05:30 DEBUG 36441 --- [           main] o.s.b.f.s.DefaultListableBeanFactory     : Autowiring by type from bean name 'jacksonObjectMapperBuilder' via factory method to bean named 'standardJacksonObjectMapperBuilderCustomizer'
2025-05-26T15:08:42.735+05:30 DEBUG 36441 --- [           main] o.s.b.f.s.DefaultListableBeanFactory     : Autowiring by type from bean name 'jacksonObjectMapper' via factory method to bean named 'jacksonObjectMapperBuilder'
2025-05-26T15:08:42.735+05:30 DEBUG 36441 --- [           main] o.s.b.f.s.DefaultListableBeanFactory     : Autowiring by type from bean name 'mappingJackson2HttpMessageConverter' via factory method to bean named 'jacksonObjectMapper'
2025-05-26T15:08:42.737+05:30 DEBUG 36441 --- [           main] o.s.b.f.s.DefaultListableBeanFactory     : Creating shared instance of singleton bean 'resourceHandlerMapping'
2025-05-26T15:08:42.737+05:30 DEBUG 36441 --- [           main] o.s.b.f.s.DefaultListableBeanFactory     : Autowiring by type from bean name 'resourceHandlerMapping' via factory method to bean named 'mvcContentNegotiationManager'
2025-05-26T15:08:42.737+05:30 DEBUG 36441 --- [           main] o.s.b.f.s.DefaultListableBeanFactory     : Autowiring by type from bean name 'resourceHandlerMapping' via factory method to bean named 'mvcConversionService'
2025-05-26T15:08:42.737+05:30 DEBUG 36441 --- [           main] o.s.b.f.s.DefaultListableBeanFactory     : Autowiring by type from bean name 'resourceHandlerMapping' via factory method to bean named 'mvcResourceUrlProvider'
2025-05-26T15:08:42.738+05:30 DEBUG 36441 --- [           main] o.s.w.s.handler.SimpleUrlHandlerMapping  : Patterns [/webjars/**, /**] in 'resourceHandlerMapping'
2025-05-26T15:08:42.738+05:30 DEBUG 36441 --- [           main] o.s.b.f.s.DefaultListableBeanFactory     : Creating shared instance of singleton bean 'defaultServletHandlerMapping'
2025-05-26T15:08:42.740+05:30  INFO 36441 --- [           main] o.s.s.web.DefaultSecurityFilterChain     : Will secure Or [Mvc [pattern='/**']] with [org.springframework.security.web.session.DisableEncodeUrlFilter@3514ac7d, org.springframework.security.web.context.request.async.WebAsyncManagerIntegrationFilter@79c4f23b, org.springframework.security.web.context.SecurityContextHolderFilter@35454c7a, org.springframework.security.web.header.HeaderWriterFilter@67c0c90b, org.springframework.security.web.authentication.logout.LogoutFilter@2b9d4b0, codes.rytis.logindemo.security.JwtAuthenticationFilter@3a4f8e8a, org.springframework.security.web.savedrequest.RequestCacheAwareFilter@50f3ba6a, org.springframework.security.web.servletapi.SecurityContextHolderAwareRequestFilter@319aa9ee, org.springframework.security.web.authentication.AnonymousAuthenticationFilter@160c7c42, org.springframework.security.web.session.SessionManagementFilter@8549c5f, org.springframework.security.web.access.ExceptionTranslationFilter@1a0ffb9b, org.springframework.security.web.access.intercept.AuthorizationFilter@2be50bba]
2025-05-26T15:08:42.741+05:30 DEBUG 36441 --- [           main] o.s.b.f.s.DefaultListableBeanFactory     : Creating shared instance of singleton bean 'delegatingApplicationListener'
2025-05-26T15:08:42.741+05:30 DEBUG 36441 --- [           main] o.s.b.f.s.DefaultListableBeanFactory     : Creating shared instance of singleton bean 'springSecurityFilterChain'
2025-05-26T15:08:42.741+05:30 DEBUG 36441 --- [           main] o.s.b.f.s.DefaultListableBeanFactory     : Creating shared instance of singleton bean 'webSecurityExpressionHandler'
2025-05-26T15:08:42.742+05:30 DEBUG 36441 --- [           main] o.s.b.f.s.DefaultListableBeanFactory     : Creating shared instance of singleton bean 'privilegeEvaluator'
2025-05-26T15:08:42.742+05:30 DEBUG 36441 --- [           main] o.s.b.f.s.DefaultListableBeanFactory     : Creating shared instance of singleton bean 'requestDataValueProcessor'
2025-05-26T15:08:42.742+05:30 DEBUG 36441 --- [           main] o.s.b.f.s.DefaultListableBeanFactory     : Creating shared instance of singleton bean 'org.springframework.boot.autoconfigure.context.PropertyPlaceholderAutoConfiguration'
2025-05-26T15:08:42.742+05:30 DEBUG 36441 --- [           main] o.s.b.f.s.DefaultListableBeanFactory     : Creating shared instance of singleton bean 'org.springframework.boot.context.properties.EnableConfigurationPropertiesRegistrar.methodValidationExcludeFilter'
2025-05-26T15:08:42.742+05:30 DEBUG 36441 --- [           main] o.s.b.f.s.DefaultListableBeanFactory     : Creating shared instance of singleton bean 'org.springframework.boot.autoconfigure.websocket.servlet.WebSocketServletAutoConfiguration'
2025-05-26T15:08:42.742+05:30 DEBUG 36441 --- [           main] o.s.b.f.s.DefaultListableBeanFactory     : Creating shared instance of singleton bean 'org.springframework.boot.autoconfigure.web.servlet.DispatcherServletAutoConfiguration'
2025-05-26T15:08:42.743+05:30 DEBUG 36441 --- [           main] o.s.b.f.s.DefaultListableBeanFactory     : Creating shared instance of singleton bean 'org.springframework.boot.autoconfigure.task.TaskExecutionAutoConfiguration'
2025-05-26T15:08:42.743+05:30 DEBUG 36441 --- [           main] o.s.b.f.s.DefaultListableBeanFactory     : Creating shared instance of singleton bean 'taskExecutorBuilder'
2025-05-26T15:08:42.743+05:30 DEBUG 36441 --- [           main] o.s.b.f.s.DefaultListableBeanFactory     : Creating shared instance of singleton bean 'spring.task.execution-org.springframework.boot.autoconfigure.task.TaskExecutionProperties'
2025-05-26T15:08:42.744+05:30 DEBUG 36441 --- [           main] o.s.b.f.s.DefaultListableBeanFactory     : Autowiring by type from bean name 'taskExecutorBuilder' via factory method to bean named 'spring.task.execution-org.springframework.boot.autoconfigure.task.TaskExecutionProperties'
2025-05-26T15:08:42.744+05:30 DEBUG 36441 --- [           main] o.s.b.f.s.DefaultListableBeanFactory     : Creating shared instance of singleton bean 'org.springframework.boot.autoconfigure.web.servlet.error.ErrorMvcAutoConfiguration$WhitelabelErrorViewConfiguration'
2025-05-26T15:08:42.744+05:30 DEBUG 36441 --- [           main] o.s.b.f.s.DefaultListableBeanFactory     : Creating shared instance of singleton bean 'error'
2025-05-26T15:08:42.745+05:30 DEBUG 36441 --- [           main] o.s.b.f.s.DefaultListableBeanFactory     : Creating shared instance of singleton bean 'beanNameViewResolver'
2025-05-26T15:08:42.745+05:30 DEBUG 36441 --- [           main] o.s.b.f.s.DefaultListableBeanFactory     : Creating shared instance of singleton bean 'org.springframework.boot.autoconfigure.web.servlet.error.ErrorMvcAutoConfiguration$DefaultErrorViewResolverConfiguration'
2025-05-26T15:08:42.745+05:30 DEBUG 36441 --- [           main] o.s.b.f.s.DefaultListableBeanFactory     : Autowiring by type from bean name 'org.springframework.boot.autoconfigure.web.servlet.error.ErrorMvcAutoConfiguration$DefaultErrorViewResolverConfiguration' via constructor to bean named 'org.springframework.boot.web.servlet.context.AnnotationConfigServletWebServerApplicationContext@77ce88c4'
2025-05-26T15:08:42.745+05:30 DEBUG 36441 --- [           main] o.s.b.f.s.DefaultListableBeanFactory     : Autowiring by type from bean name 'org.springframework.boot.autoconfigure.web.servlet.error.ErrorMvcAutoConfiguration$DefaultErrorViewResolverConfiguration' via constructor to bean named 'spring.web-org.springframework.boot.autoconfigure.web.WebProperties'
2025-05-26T15:08:42.745+05:30 DEBUG 36441 --- [           main] o.s.b.f.s.DefaultListableBeanFactory     : Creating shared instance of singleton bean 'conventionErrorViewResolver'
2025-05-26T15:08:42.745+05:30 DEBUG 36441 --- [           main] o.s.b.f.s.DefaultListableBeanFactory     : Creating shared instance of singleton bean 'errorAttributes'
2025-05-26T15:08:42.745+05:30 DEBUG 36441 --- [           main] o.s.b.f.s.DefaultListableBeanFactory     : Creating shared instance of singleton bean 'basicErrorController'
2025-05-26T15:08:42.746+05:30 DEBUG 36441 --- [           main] o.s.b.f.s.DefaultListableBeanFactory     : Autowiring by type from bean name 'basicErrorController' via factory method to bean named 'errorAttributes'
2025-05-26T15:08:42.746+05:30 DEBUG 36441 --- [           main] o.s.b.f.s.DefaultListableBeanFactory     : Creating shared instance of singleton bean 'requestMappingHandlerAdapter'
2025-05-26T15:08:42.747+05:30 DEBUG 36441 --- [           main] o.s.b.f.s.DefaultListableBeanFactory     : Creating shared instance of singleton bean 'mvcValidator'
2025-05-26T15:08:42.747+05:30 DEBUG 36441 --- [           main] o.s.b.f.s.DefaultListableBeanFactory     : Autowiring by type from bean name 'requestMappingHandlerAdapter' via factory method to bean named 'mvcContentNegotiationManager'
2025-05-26T15:08:42.747+05:30 DEBUG 36441 --- [           main] o.s.b.f.s.DefaultListableBeanFactory     : Autowiring by type from bean name 'requestMappingHandlerAdapter' via factory method to bean named 'mvcConversionService'
2025-05-26T15:08:42.747+05:30 DEBUG 36441 --- [           main] o.s.b.f.s.DefaultListableBeanFactory     : Autowiring by type from bean name 'requestMappingHandlerAdapter' via factory method to bean named 'mvcValidator'
2025-05-26T15:08:42.747+05:30 DEBUG 36441 --- [           main] o.s.b.f.s.DefaultListableBeanFactory     : Creating shared instance of singleton bean 'applicationTaskExecutor'
2025-05-26T15:08:42.748+05:30 DEBUG 36441 --- [           main] o.s.b.f.s.DefaultListableBeanFactory     : Autowiring by type from bean name 'applicationTaskExecutor' via factory method to bean named 'taskExecutorBuilder'
2025-05-26T15:08:42.748+05:30 DEBUG 36441 --- [           main] o.s.s.concurrent.ThreadPoolTaskExecutor  : Initializing ExecutorService 'applicationTaskExecutor'
2025-05-26T15:08:42.749+05:30 DEBUG 36441 --- [           main] s.w.s.m.m.a.RequestMappingHandlerAdapter : ControllerAdvice beans: 0 @ModelAttribute, 0 @InitBinder, 1 RequestBodyAdvice, 1 ResponseBodyAdvice
2025-05-26T15:08:42.750+05:30 DEBUG 36441 --- [           main] o.s.b.f.s.DefaultListableBeanFactory     : Creating shared instance of singleton bean 'localeResolver'
2025-05-26T15:08:42.750+05:30 DEBUG 36441 --- [           main] o.s.b.f.s.DefaultListableBeanFactory     : Creating shared instance of singleton bean 'themeResolver'
2025-05-26T15:08:42.750+05:30 DEBUG 36441 --- [           main] o.s.b.f.s.DefaultListableBeanFactory     : Creating shared instance of singleton bean 'flashMapManager'
2025-05-26T15:08:42.751+05:30 DEBUG 36441 --- [           main] o.s.b.f.s.DefaultListableBeanFactory     : Creating shared instance of singleton bean 'mvcPatternParser'
2025-05-26T15:08:42.751+05:30 DEBUG 36441 --- [           main] o.s.b.f.s.DefaultListableBeanFactory     : Creating shared instance of singleton bean 'mvcUrlPathHelper'
2025-05-26T15:08:42.751+05:30 DEBUG 36441 --- [           main] o.s.b.f.s.DefaultListableBeanFactory     : Creating shared instance of singleton bean 'mvcPathMatcher'
2025-05-26T15:08:42.751+05:30 DEBUG 36441 --- [           main] o.s.b.f.s.DefaultListableBeanFactory     : Creating shared instance of singleton bean 'handlerFunctionAdapter'
2025-05-26T15:08:42.751+05:30 DEBUG 36441 --- [           main] o.s.b.f.s.DefaultListableBeanFactory     : Creating shared instance of singleton bean 'mvcUriComponentsContributor'
2025-05-26T15:08:42.752+05:30 DEBUG 36441 --- [           main] o.s.b.f.s.DefaultListableBeanFactory     : Autowiring by type from bean name 'mvcUriComponentsContributor' via factory method to bean named 'mvcConversionService'
2025-05-26T15:08:42.752+05:30 DEBUG 36441 --- [           main] o.s.b.f.s.DefaultListableBeanFactory     : Autowiring by type from bean name 'mvcUriComponentsContributor' via factory method to bean named 'requestMappingHandlerAdapter'
2025-05-26T15:08:42.752+05:30 DEBUG 36441 --- [           main] o.s.b.f.s.DefaultListableBeanFactory     : Creating shared instance of singleton bean 'httpRequestHandlerAdapter'
2025-05-26T15:08:42.752+05:30 DEBUG 36441 --- [           main] o.s.b.f.s.DefaultListableBeanFactory     : Creating shared instance of singleton bean 'simpleControllerHandlerAdapter'
2025-05-26T15:08:42.752+05:30 DEBUG 36441 --- [           main] o.s.b.f.s.DefaultListableBeanFactory     : Creating shared instance of singleton bean 'handlerExceptionResolver'
2025-05-26T15:08:42.752+05:30 DEBUG 36441 --- [           main] o.s.b.f.s.DefaultListableBeanFactory     : Autowiring by type from bean name 'handlerExceptionResolver' via factory method to bean named 'mvcContentNegotiationManager'
2025-05-26T15:08:42.753+05:30 DEBUG 36441 --- [           main] .m.m.a.ExceptionHandlerExceptionResolver : ControllerAdvice beans: 0 @ExceptionHandler, 1 ResponseBodyAdvice
2025-05-26T15:08:42.753+05:30 DEBUG 36441 --- [           main] o.s.b.f.s.DefaultListableBeanFactory     : Creating shared instance of singleton bean 'mvcViewResolver'
2025-05-26T15:08:42.753+05:30 DEBUG 36441 --- [           main] o.s.b.f.s.DefaultListableBeanFactory     : Autowiring by type from bean name 'mvcViewResolver' via factory method to bean named 'mvcContentNegotiationManager'
2025-05-26T15:08:42.753+05:30 DEBUG 36441 --- [           main] o.s.b.f.s.DefaultListableBeanFactory     : Creating shared instance of singleton bean 'viewNameTranslator'
2025-05-26T15:08:42.754+05:30 DEBUG 36441 --- [           main] o.s.b.f.s.DefaultListableBeanFactory     : Creating shared instance of singleton bean 'defaultViewResolver'
2025-05-26T15:08:42.754+05:30 DEBUG 36441 --- [           main] o.s.b.f.s.DefaultListableBeanFactory     : Creating shared instance of singleton bean 'viewResolver'
2025-05-26T15:08:42.754+05:30 DEBUG 36441 --- [           main] o.s.b.f.s.DefaultListableBeanFactory     : Autowiring by type from bean name 'viewResolver' via factory method to bean named 'org.springframework.beans.factory.support.DefaultListableBeanFactory@b55f5b7'
2025-05-26T15:08:42.754+05:30 DEBUG 36441 --- [           main] o.s.b.f.s.DefaultListableBeanFactory     : Creating shared instance of singleton bean 'viewResolver'
2025-05-26T15:08:42.754+05:30 DEBUG 36441 --- [           main] o.s.b.f.s.DefaultListableBeanFactory     : Creating shared instance of singleton bean 'org.springframework.boot.autoconfigure.aop.AopAutoConfiguration$ClassProxyingConfiguration'
2025-05-26T15:08:42.754+05:30 DEBUG 36441 --- [           main] o.s.b.f.s.DefaultListableBeanFactory     : Creating shared instance of singleton bean 'org.springframework.boot.autoconfigure.aop.AopAutoConfiguration'
2025-05-26T15:08:42.755+05:30 DEBUG 36441 --- [           main] o.s.b.f.s.DefaultListableBeanFactory     : Creating shared instance of singleton bean 'org.springframework.boot.autoconfigure.availability.ApplicationAvailabilityAutoConfiguration'
2025-05-26T15:08:42.755+05:30 DEBUG 36441 --- [           main] o.s.b.f.s.DefaultListableBeanFactory     : Creating shared instance of singleton bean 'applicationAvailability'
2025-05-26T15:08:42.755+05:30 DEBUG 36441 --- [           main] o.s.b.f.s.DefaultListableBeanFactory     : Creating shared instance of singleton bean 'org.springframework.boot.autoconfigure.context.ConfigurationPropertiesAutoConfiguration'
2025-05-26T15:08:42.755+05:30 DEBUG 36441 --- [           main] o.s.b.f.s.DefaultListableBeanFactory     : Creating shared instance of singleton bean 'org.springframework.boot.autoconfigure.context.LifecycleAutoConfiguration'
2025-05-26T15:08:42.755+05:30 DEBUG 36441 --- [           main] o.s.b.f.s.DefaultListableBeanFactory     : Creating shared instance of singleton bean 'lifecycleProcessor'
2025-05-26T15:08:42.755+05:30 DEBUG 36441 --- [           main] o.s.b.f.s.DefaultListableBeanFactory     : Creating shared instance of singleton bean 'spring.lifecycle-org.springframework.boot.autoconfigure.context.LifecycleProperties'
2025-05-26T15:08:42.756+05:30 DEBUG 36441 --- [           main] o.s.b.f.s.DefaultListableBeanFactory     : Autowiring by type from bean name 'lifecycleProcessor' via factory method to bean named 'spring.lifecycle-org.springframework.boot.autoconfigure.context.LifecycleProperties'
2025-05-26T15:08:42.756+05:30 DEBUG 36441 --- [           main] o.s.b.f.s.DefaultListableBeanFactory     : Creating shared instance of singleton bean 'org.springframework.boot.autoconfigure.http.JacksonHttpMessageConvertersConfiguration'
2025-05-26T15:08:42.756+05:30 DEBUG 36441 --- [           main] o.s.b.f.s.DefaultListableBeanFactory     : Creating shared instance of singleton bean 'org.springframework.boot.autoconfigure.info.ProjectInfoAutoConfiguration'
2025-05-26T15:08:42.756+05:30 DEBUG 36441 --- [           main] o.s.b.f.s.DefaultListableBeanFactory     : Creating shared instance of singleton bean 'spring.info-org.springframework.boot.autoconfigure.info.ProjectInfoProperties'
2025-05-26T15:08:42.757+05:30 DEBUG 36441 --- [           main] o.s.b.f.s.DefaultListableBeanFactory     : Autowiring by type from bean name 'org.springframework.boot.autoconfigure.info.ProjectInfoAutoConfiguration' via constructor to bean named 'spring.info-org.springframework.boot.autoconfigure.info.ProjectInfoProperties'
2025-05-26T15:08:42.757+05:30 DEBUG 36441 --- [           main] o.s.b.f.s.DefaultListableBeanFactory     : Creating shared instance of singleton bean 'org.springframework.boot.autoconfigure.security.servlet.SpringBootWebSecurityConfiguration'
2025-05-26T15:08:42.757+05:30 DEBUG 36441 --- [           main] o.s.b.f.s.DefaultListableBeanFactory     : Creating shared instance of singleton bean 'org.springframework.boot.autoconfigure.sql.init.SqlInitializationAutoConfiguration'
2025-05-26T15:08:42.757+05:30 DEBUG 36441 --- [           main] o.s.b.f.s.DefaultListableBeanFactory     : Creating shared instance of singleton bean 'spring.sql.init-org.springframework.boot.autoconfigure.sql.init.SqlInitializationProperties'
2025-05-26T15:08:42.758+05:30 DEBUG 36441 --- [           main] o.s.b.f.s.DefaultListableBeanFactory     : Creating shared instance of singleton bean 'org.springframework.boot.autoconfigure.task.TaskSchedulingAutoConfiguration'
2025-05-26T15:08:42.758+05:30 DEBUG 36441 --- [           main] o.s.b.f.s.DefaultListableBeanFactory     : Creating shared instance of singleton bean 'taskSchedulerBuilder'
2025-05-26T15:08:42.759+05:30 DEBUG 36441 --- [           main] o.s.b.f.s.DefaultListableBeanFactory     : Creating shared instance of singleton bean 'spring.task.scheduling-org.springframework.boot.autoconfigure.task.TaskSchedulingProperties'
2025-05-26T15:08:42.759+05:30 DEBUG 36441 --- [           main] o.s.b.f.s.DefaultListableBeanFactory     : Autowiring by type from bean name 'taskSchedulerBuilder' via factory method to bean named 'spring.task.scheduling-org.springframework.boot.autoconfigure.task.TaskSchedulingProperties'
2025-05-26T15:08:42.759+05:30 DEBUG 36441 --- [           main] o.s.b.f.s.DefaultListableBeanFactory     : Creating shared instance of singleton bean 'org.springframework.boot.autoconfigure.web.client.RestTemplateAutoConfiguration'
2025-05-26T15:08:42.760+05:30 DEBUG 36441 --- [           main] o.s.b.f.s.DefaultListableBeanFactory     : Creating shared instance of singleton bean 'org.springframework.boot.autoconfigure.web.embedded.EmbeddedWebServerFactoryCustomizerAutoConfiguration'
2025-05-26T15:08:42.760+05:30 DEBUG 36441 --- [           main] o.s.b.f.s.DefaultListableBeanFactory     : Creating shared instance of singleton bean 'multipartResolver'
2025-05-26T15:08:42.760+05:30 DEBUG 36441 --- [           main] o.s.b.f.s.DefaultListableBeanFactory     : Creating shared instance of singleton bean 'org.springframework.boot.test.autoconfigure.web.servlet.MockMvcAutoConfiguration'
2025-05-26T15:08:42.760+05:30 DEBUG 36441 --- [           main] o.s.b.f.s.DefaultListableBeanFactory     : Autowiring by type from bean name 'org.springframework.boot.test.autoconfigure.web.servlet.MockMvcAutoConfiguration' via constructor to bean named 'org.springframework.boot.web.servlet.context.AnnotationConfigServletWebServerApplicationContext@77ce88c4'
2025-05-26T15:08:42.760+05:30 DEBUG 36441 --- [           main] o.s.b.f.s.DefaultListableBeanFactory     : Autowiring by type from bean name 'org.springframework.boot.test.autoconfigure.web.servlet.MockMvcAutoConfiguration' via constructor to bean named 'spring.mvc-org.springframework.boot.autoconfigure.web.servlet.WebMvcProperties'
2025-05-26T15:08:42.760+05:30 DEBUG 36441 --- [           main] o.s.b.f.s.DefaultListableBeanFactory     : Creating shared instance of singleton bean 'mockMvcBuilder'
2025-05-26T15:08:42.760+05:30 DEBUG 36441 --- [           main] o.s.b.f.s.DefaultListableBeanFactory     : Creating shared instance of singleton bean 'springBootMockMvcBuilderCustomizer'
2025-05-26T15:08:42.762+05:30 DEBUG 36441 --- [           main] o.s.b.f.s.DefaultListableBeanFactory     : Creating shared instance of singleton bean 'securityMockMvcBuilderCustomizer'
2025-05-26T15:08:42.762+05:30 DEBUG 36441 --- [           main] o.s.b.f.s.DefaultListableBeanFactory     : Creating shared instance of singleton bean 'org.springframework.boot.test.autoconfigure.web.servlet.MockMvcSecurityConfiguration'
2025-05-26T15:08:42.762+05:30 DEBUG 36441 --- [           main] o.s.b.f.s.DefaultListableBeanFactory     : Autowiring by type from bean name 'mockMvcBuilder' via factory method to bean named 'springBootMockMvcBuilderCustomizer'
2025-05-26T15:08:42.762+05:30 DEBUG 36441 --- [           main] o.s.b.f.s.DefaultListableBeanFactory     : Autowiring by type from bean name 'mockMvcBuilder' via factory method to bean named 'securityMockMvcBuilderCustomizer'
2025-05-26T15:08:42.764+05:30 DEBUG 36441 --- [           main] o.s.b.w.s.ServletContextInitializerBeans : Mapping filters: springSecurityFilterChain urls=[/*] order=-100, characterEncodingFilter urls=[/*] order=-2147483648, formContentFilter urls=[/*] order=-9900, requestContextFilter urls=[/*] order=-105, jwtAuthenticationFilter urls=[/*] order=2147483647
2025-05-26T15:08:42.764+05:30 DEBUG 36441 --- [           main] o.s.b.w.s.ServletContextInitializerBeans : Mapping servlets: 
2025-05-26T15:08:42.766+05:30 DEBUG 36441 --- [           main] o.s.b.f.s.DefaultListableBeanFactory     : Creating shared instance of singleton bean 'mockMvc'
2025-05-26T15:08:42.766+05:30 DEBUG 36441 --- [           main] o.s.b.f.s.DefaultListableBeanFactory     : Autowiring by type from bean name 'mockMvc' via factory method to bean named 'mockMvcBuilder'
2025-05-26T15:08:42.775+05:30  INFO 36441 --- [           main] o.a.c.c.C.[Tomcat].[localhost].[/]       : Initializing Spring TestDispatcherServlet ''
2025-05-26T15:08:42.775+05:30  INFO 36441 --- [           main] o.s.t.web.servlet.TestDispatcherServlet  : Initializing Servlet ''
2025-05-26T15:08:42.775+05:30 DEBUG 36441 --- [           main] o.s.t.web.servlet.TestDispatcherServlet  : Detected StandardServletMultipartResolver
2025-05-26T15:08:42.775+05:30 DEBUG 36441 --- [           main] o.s.t.web.servlet.TestDispatcherServlet  : Detected AcceptHeaderLocaleResolver
2025-05-26T15:08:42.775+05:30 DEBUG 36441 --- [           main] o.s.t.web.servlet.TestDispatcherServlet  : Detected FixedThemeResolver
2025-05-26T15:08:42.775+05:30 DEBUG 36441 --- [           main] o.s.t.web.servlet.TestDispatcherServlet  : Detected org.springframework.web.servlet.view.DefaultRequestToViewNameTranslator@8d810f2
2025-05-26T15:08:42.775+05:30 DEBUG 36441 --- [           main] o.s.t.web.servlet.TestDispatcherServlet  : Detected org.springframework.web.servlet.support.SessionFlashMapManager@537b3be1
2025-05-26T15:08:42.776+05:30 DEBUG 36441 --- [           main] o.s.t.web.servlet.TestDispatcherServlet  : enableLoggingRequestDetails='false': request parameters and headers will be masked to prevent unsafe logging of potentially sensitive data
2025-05-26T15:08:42.776+05:30  INFO 36441 --- [           main] o.s.t.web.servlet.TestDispatcherServlet  : Completed initialization in 1 ms
2025-05-26T15:08:42.776+05:30 DEBUG 36441 --- [           main] o.s.b.f.s.DefaultListableBeanFactory     : Creating shared instance of singleton bean 'org.springframework.boot.test.web.client.TestRestTemplate'
2025-05-26T15:08:42.777+05:30 DEBUG 36441 --- [           main] o.s.b.f.s.DefaultListableBeanFactory     : Creating shared instance of singleton bean 'restTemplateBuilder'
2025-05-26T15:08:42.777+05:30 DEBUG 36441 --- [           main] o.s.b.f.s.DefaultListableBeanFactory     : Creating shared instance of singleton bean 'restTemplateBuilderConfigurer'
2025-05-26T15:08:42.778+05:30 DEBUG 36441 --- [           main] o.s.b.f.s.DefaultListableBeanFactory     : Autowiring by type from bean name 'restTemplateBuilder' via factory method to bean named 'restTemplateBuilderConfigurer'
2025-05-26T15:08:42.803+05:30 DEBUG 36441 --- [           main] o.s.c.support.DefaultLifecycleProcessor  : Starting beans in phase -2147483647
2025-05-26T15:08:42.803+05:30 DEBUG 36441 --- [           main] o.s.c.support.DefaultLifecycleProcessor  : Successfully started bean 'springBootLoggingLifecycle'
2025-05-26T15:08:42.803+05:30 DEBUG 36441 --- [           main] o.s.c.support.DefaultLifecycleProcessor  : Starting beans in phase 2147481599
2025-05-26T15:08:42.844+05:30  INFO 36441 --- [           main] o.s.b.w.embedded.tomcat.TomcatWebServer  : Tomcat started on port(s): 53047 (http) with context path ''
2025-05-26T15:08:42.845+05:30 DEBUG 36441 --- [           main] o.s.c.support.DefaultLifecycleProcessor  : Successfully started bean 'webServerStartStop'
2025-05-26T15:08:42.845+05:30 DEBUG 36441 --- [           main] o.s.c.support.DefaultLifecycleProcessor  : Starting beans in phase 2147482623
2025-05-26T15:08:42.845+05:30 DEBUG 36441 --- [           main] o.s.c.support.DefaultLifecycleProcessor  : Successfully started bean 'webServerGracefulShutdown'
2025-05-26T15:08:42.849+05:30 DEBUG 36441 --- [           main] .s.b.a.l.ConditionEvaluationReportLogger : 


============================
CONDITIONS EVALUATION REPORT
============================


Positive matches:
-----------------

   AopAutoConfiguration matched:
      - @ConditionalOnProperty (spring.aop.auto=true) matched (OnPropertyCondition)

   AopAutoConfiguration.ClassProxyingConfiguration matched:
      - @ConditionalOnMissingClass did not find unwanted class 'org.aspectj.weaver.Advice' (OnClassCondition)
      - @ConditionalOnProperty (spring.aop.proxy-target-class=true) matched (OnPropertyCondition)

   ApplicationAvailabilityAutoConfiguration#applicationAvailability matched:
      - @ConditionalOnMissingBean (types: org.springframework.boot.availability.ApplicationAvailability; SearchStrategy: all) did not find any beans (OnBeanCondition)

   DispatcherServletAutoConfiguration matched:
[...]
2025-05-26T15:08:42.938+05:30 DEBUG 36441 --- [           main] org.springframework.test.context.cache   : Spring test ApplicationContext cache statistics: [DefaultContextCache@307e4c44 size = 2, maxSize = 32, parentContextCount = 0, hitCount = 55, missCount = 2]
2025-05-26T15:08:42.938+05:30 DEBUG 36441 --- [           main] org.springframework.test.context.cache   : Spring test ApplicationContext cache statistics: [DefaultContextCache@307e4c44 size = 2, maxSize = 32, parentContextCount = 0, hitCount = 56, missCount = 2]
2025-05-26T15:08:42.939+05:30 DEBUG 36441 --- [           main] org.springframework.test.context.cache   : Spring test ApplicationContext cache statistics: [DefaultContextCache@307e4c44 size = 2, maxSize = 32, parentContextCount = 0, hitCount = 57, missCount = 2]
2025-05-26T15:08:42.939+05:30 DEBUG 36441 --- [           main] s.w.s.m.m.a.RequestMappingHandlerMapping : Mapped to codes.rytis.logindemo.controller.HelloController#secured(UserPrincipal)
2025-05-26T15:08:42.939+05:30 DEBUG 36441 --- [           main] o.s.security.web.FilterChainProxy        : Securing GET /secured
2025-05-26T15:08:42.940+05:30 DEBUG 36441 --- [           main] o.s.s.w.a.AnonymousAuthenticationFilter  : Set SecurityContextHolder to anonymous SecurityContext
2025-05-26T15:08:42.940+05:30 DEBUG 36441 --- [           main] s.w.s.m.m.a.RequestMappingHandlerMapping : Mapped to codes.rytis.logindemo.controller.HelloController#secured(UserPrincipal)
2025-05-26T15:08:42.940+05:30 DEBUG 36441 --- [           main] s.w.s.m.m.a.RequestMappingHandlerMapping : Mapped to codes.rytis.logindemo.controller.HelloController#secured(UserPrincipal)
2025-05-26T15:08:42.940+05:30 DEBUG 36441 --- [           main] s.w.s.m.m.a.RequestMappingHandlerMapping : Mapped to codes.rytis.logindemo.controller.HelloController#secured(UserPrincipal)
2025-05-26T15:08:42.940+05:30 DEBUG 36441 --- [           main] s.w.s.m.m.a.RequestMappingHandlerMapping : Mapped to codes.rytis.logindemo.controller.HelloController#secured(UserPrincipal)
2025-05-26T15:08:42.941+05:30 DEBUG 36441 --- [           main] org.springframework.test.context.cache   : Spring test ApplicationContext cache statistics: [DefaultContextCache@307e4c44 size = 2, maxSize = 32, parentContextCount = 0, hitCount = 58, missCount = 2]
2025-05-26T15:08:42.941+05:30 DEBUG 36441 --- [           main] org.springframework.test.context.cache   : Spring test ApplicationContext cache statistics: [DefaultContextCache@307e4c44 size = 2, maxSize = 32, parentContextCount = 0, hitCount = 59, missCount = 2]
2025-05-26T15:08:42.941+05:30 DEBUG 36441 --- [           main] org.springframework.test.context.cache   : Spring test ApplicationContext cache statistics: [DefaultContextCache@307e4c44 size = 2, maxSize = 32, parentContextCount = 0, hitCount = 60, missCount = 2]
2025-05-26T15:08:42.941+05:30 DEBUG 36441 --- [           main] org.springframework.test.context.cache   : Spring test ApplicationContext cache statistics: [DefaultContextCache@307e4c44 size = 2, maxSize = 32, parentContextCount = 0, hitCount = 61, missCount = 2]
2025-05-26T15:08:42.941+05:30 DEBUG 36441 --- [           main] org.springframework.test.context.cache   : Spring test ApplicationContext cache statistics: [DefaultContextCache@307e4c44 size = 2, maxSize = 32, parentContextCount = 0, hitCount = 62, missCount = 2]
2025-05-26T15:08:42.941+05:30 DEBUG 36441 --- [           main] org.springframework.test.context.cache   : Spring test ApplicationContext cache statistics: [DefaultContextCache@307e4c44 size = 2, maxSize = 32, parentContextCount = 0, hitCount = 63, missCount = 2]
2025-05-26T15:08:42.941+05:30 DEBUG 36441 --- [           main] org.springframework.test.context.cache   : Spring test ApplicationContext cache statistics: [DefaultContextCache@307e4c44 size = 2, maxSize = 32, parentContextCount = 0, hitCount = 64, missCount = 2]
2025-05-26T15:08:42.941+05:30 DEBUG 36441 --- [           main] tractDirtiesContextTestExecutionListener : After test method: class [HelloControllerTest], method [notLoggedIn_shouldNotSeeSecuredEndpoint], class annotated with @DirtiesContext [false] with mode [null], method annotated with @DirtiesContext [false] with mode [null]
]]></system-out>
  </testcase>
  <testcase name="notLoggedIn_shouldNotSeeAdmin" classname="codes.rytis.logindemo.controller.HelloControllerTest" time="0.005">
    <system-out><![CDATA[2025-05-26T15:08:42.942+05:30 DEBUG 36441 --- [           main] DependencyInjectionTestExecutionListener : Performing dependency injection for test class codes.rytis.logindemo.controller.HelloControllerTest
2025-05-26T15:08:42.942+05:30 DEBUG 36441 --- [           main] org.springframework.test.context.cache   : Spring test ApplicationContext cache statistics: [DefaultContextCache@307e4c44 size = 2, maxSize = 32, parentContextCount = 0, hitCount = 65, missCount = 2]
2025-05-26T15:08:42.942+05:30 DEBUG 36441 --- [           main] org.springframework.test.context.cache   : Spring test ApplicationContext cache statistics: [DefaultContextCache@307e4c44 size = 2, maxSize = 32, parentContextCount = 0, hitCount = 66, missCount = 2]
2025-05-26T15:08:42.942+05:30 DEBUG 36441 --- [           main] tractDirtiesContextTestExecutionListener : Before test method: class [HelloControllerTest], method [notLoggedIn_shouldNotSeeAdmin], class annotated with @DirtiesContext [false] with mode [null], method annotated with @DirtiesContext [false] with mode [null]
2025-05-26T15:08:42.942+05:30 DEBUG 36441 --- [           main] org.springframework.test.context.cache   : Spring test ApplicationContext cache statistics: [DefaultContextCache@307e4c44 size = 2, maxSize = 32, parentContextCount = 0, hitCount = 67, missCount = 2]
2025-05-26T15:08:42.943+05:30 DEBUG 36441 --- [           main] org.springframework.test.context.cache   : Spring test ApplicationContext cache statistics: [DefaultContextCache@307e4c44 size = 2, maxSize = 32, parentContextCount = 0, hitCount = 68, missCount = 2]
2025-05-26T15:08:42.943+05:30 DEBUG 36441 --- [           main] org.springframework.test.context.cache   : Spring test ApplicationContext cache statistics: [DefaultContextCache@307e4c44 size = 2, maxSize = 32, parentContextCount = 0, hitCount = 69, missCount = 2]
2025-05-26T15:08:42.944+05:30 DEBUG 36441 --- [           main] s.w.s.m.m.a.RequestMappingHandlerMapping : Mapped to codes.rytis.logindemo.controller.HelloController#admin(UserPrincipal)
2025-05-26T15:08:42.944+05:30 DEBUG 36441 --- [           main] o.s.security.web.FilterChainProxy        : Securing GET /admin
2025-05-26T15:08:42.944+05:30 DEBUG 36441 --- [           main] o.s.s.w.a.AnonymousAuthenticationFilter  : Set SecurityContextHolder to anonymous SecurityContext
2025-05-26T15:08:42.944+05:30 DEBUG 36441 --- [           main] s.w.s.m.m.a.RequestMappingHandlerMapping : Mapped to codes.rytis.logindemo.controller.HelloController#admin(UserPrincipal)
2025-05-26T15:08:42.945+05:30 DEBUG 36441 --- [           main] s.w.s.m.m.a.RequestMappingHandlerMapping : Mapped to codes.rytis.logindemo.controller.HelloController#admin(UserPrincipal)
2025-05-26T15:08:42.945+05:30 DEBUG 36441 --- [           main] s.w.s.m.m.a.RequestMappingHandlerMapping : Mapped to codes.rytis.logindemo.controller.HelloController#admin(UserPrincipal)
2025-05-26T15:08:42.945+05:30 DEBUG 36441 --- [           main] s.w.s.m.m.a.RequestMappingHandlerMapping : Mapped to codes.rytis.logindemo.controller.HelloController#admin(UserPrincipal)
2025-05-26T15:08:42.945+05:30 DEBUG 36441 --- [           main] org.springframework.test.context.cache   : Spring test ApplicationContext cache statistics: [DefaultContextCache@307e4c44 size = 2, maxSize = 32, parentContextCount = 0, hitCount = 70, missCount = 2]
2025-05-26T15:08:42.946+05:30 DEBUG 36441 --- [           main] org.springframework.test.context.cache   : Spring test ApplicationContext cache statistics: [DefaultContextCache@307e4c44 size = 2, maxSize = 32, parentContextCount = 0, hitCount = 71, missCount = 2]
2025-05-26T15:08:42.946+05:30 DEBUG 36441 --- [           main] org.springframework.test.context.cache   : Spring test ApplicationContext cache statistics: [DefaultContextCache@307e4c44 size = 2, maxSize = 32, parentContextCount = 0, hitCount = 72, missCount = 2]
2025-05-26T15:08:42.946+05:30 DEBUG 36441 --- [           main] org.springframework.test.context.cache   : Spring test ApplicationContext cache statistics: [DefaultContextCache@307e4c44 size = 2, maxSize = 32, parentContextCount = 0, hitCount = 73, missCount = 2]
2025-05-26T15:08:42.946+05:30 DEBUG 36441 --- [           main] org.springframework.test.context.cache   : Spring test ApplicationContext cache statistics: [DefaultContextCache@307e4c44 size = 2, maxSize = 32, parentContextCount = 0, hitCount = 74, missCount = 2]
2025-05-26T15:08:42.946+05:30 DEBUG 36441 --- [           main] org.springframework.test.context.cache   : Spring test ApplicationContext cache statistics: [DefaultContextCache@307e4c44 size = 2, maxSize = 32, parentContextCount = 0, hitCount = 75, missCount = 2]
2025-05-26T15:08:42.946+05:30 DEBUG 36441 --- [           main] org.springframework.test.context.cache   : Spring test ApplicationContext cache statistics: [DefaultContextCache@307e4c44 size = 2, maxSize = 32, parentContextCount = 0, hitCount = 76, missCount = 2]
2025-05-26T15:08:42.946+05:30 DEBUG 36441 --- [           main] tractDirtiesContextTestExecutionListener : After test method: class [HelloControllerTest], method [notLoggedIn_shouldNotSeeAdmin], class annotated with @DirtiesContext [false] with mode [null], method annotated with @DirtiesContext [false] with mode [null]
]]></system-out>
  </testcase>
  <testcase name="loggedIn_shouldSeeSecuredEndpoint" classname="codes.rytis.logindemo.controller.HelloControllerTest" time="0.006">
    <system-out><![CDATA[2025-05-26T15:08:42.947+05:30 DEBUG 36441 --- [           main] DependencyInjectionTestExecutionListener : Performing dependency injection for test class codes.rytis.logindemo.controller.HelloControllerTest
2025-05-26T15:08:42.947+05:30 DEBUG 36441 --- [           main] org.springframework.test.context.cache   : Spring test ApplicationContext cache statistics: [DefaultContextCache@307e4c44 size = 2, maxSize = 32, parentContextCount = 0, hitCount = 77, missCount = 2]
2025-05-26T15:08:42.947+05:30 DEBUG 36441 --- [           main] org.springframework.test.context.cache   : Spring test ApplicationContext cache statistics: [DefaultContextCache@307e4c44 size = 2, maxSize = 32, parentContextCount = 0, hitCount = 78, missCount = 2]
2025-05-26T15:08:42.948+05:30 DEBUG 36441 --- [           main] tractDirtiesContextTestExecutionListener : Before test method: class [HelloControllerTest], method [loggedIn_shouldSeeSecuredEndpoint], class annotated with @DirtiesContext [false] with mode [null], method annotated with @DirtiesContext [false] with mode [null]
2025-05-26T15:08:42.948+05:30 DEBUG 36441 --- [           main] org.springframework.test.context.cache   : Spring test ApplicationContext cache statistics: [DefaultContextCache@307e4c44 size = 2, maxSize = 32, parentContextCount = 0, hitCount = 79, missCount = 2]
2025-05-26T15:08:42.948+05:30 DEBUG 36441 --- [           main] org.springframework.test.context.cache   : Spring test ApplicationContext cache statistics: [DefaultContextCache@307e4c44 size = 2, maxSize = 32, parentContextCount = 0, hitCount = 80, missCount = 2]
2025-05-26T15:08:42.948+05:30 DEBUG 36441 --- [           main] org.springframework.test.context.cache   : Spring test ApplicationContext cache statistics: [DefaultContextCache@307e4c44 size = 2, maxSize = 32, parentContextCount = 0, hitCount = 81, missCount = 2]
2025-05-26T15:08:42.948+05:30 DEBUG 36441 --- [           main] org.springframework.test.context.cache   : Spring test ApplicationContext cache statistics: [DefaultContextCache@307e4c44 size = 2, maxSize = 32, parentContextCount = 0, hitCount = 82, missCount = 2]
2025-05-26T15:08:42.949+05:30 DEBUG 36441 --- [           main] org.springframework.test.context.cache   : Spring test ApplicationContext cache statistics: [DefaultContextCache@307e4c44 size = 2, maxSize = 32, parentContextCount = 0, hitCount = 83, missCount = 2]
2025-05-26T15:08:42.949+05:30 DEBUG 36441 --- [           main] o.s.test.util.ReflectionTestUtils        : Invoking method 'getFilters' on target object [FilterChainProxy[Filter Chains: [DefaultSecurityFilterChain [RequestMatcher=Or [Mvc [pattern='/**']], Filters=[org.springframework.security.web.session.DisableEncodeUrlFilter@3514ac7d, org.springframework.security.web.context.request.async.WebAsyncManagerIntegrationFilter@79c4f23b, org.springframework.security.web.context.SecurityContextHolderFilter@35454c7a, org.springframework.security.web.header.HeaderWriterFilter@67c0c90b, org.springframework.security.web.authentication.logout.LogoutFilter@2b9d4b0, codes.rytis.logindemo.security.JwtAuthenticationFilter@3a4f8e8a, org.springframework.security.web.savedrequest.RequestCacheAwareFilter@50f3ba6a, org.springframework.security.web.servletapi.SecurityContextHolderAwareRequestFilter@319aa9ee, org.springframework.security.web.authentication.AnonymousAuthenticationFilter@160c7c42, org.springframework.security.web.session.SessionManagementFilter@8549c5f, org.springframework.security.web.access.ExceptionTranslationFilter@1a0ffb9b, org.springframework.security.web.access.intercept.AuthorizationFilter@2be50bba]]]]] or target class [null] with arguments {org.springframework.mock.web.MockHttpServletRequest@3c89b864}
2025-05-26T15:08:42.950+05:30 DEBUG 36441 --- [           main] s.w.s.m.m.a.RequestMappingHandlerMapping : Mapped to codes.rytis.logindemo.controller.HelloController#secured(UserPrincipal)
2025-05-26T15:08:42.950+05:30 DEBUG 36441 --- [           main] o.s.test.util.ReflectionTestUtils        : Invoking method 'getFilters' on target object [FilterChainProxy[Filter Chains: [DefaultSecurityFilterChain [RequestMatcher=Or [Mvc [pattern='/**']], Filters=[org.springframework.security.web.session.DisableEncodeUrlFilter@3514ac7d, org.springframework.security.web.context.request.async.WebAsyncManagerIntegrationFilter@79c4f23b, org.springframework.security.web.context.SecurityContextHolderFilter@35454c7a, org.springframework.security.web.header.HeaderWriterFilter@67c0c90b, org.springframework.security.web.authentication.logout.LogoutFilter@2b9d4b0, codes.rytis.logindemo.security.JwtAuthenticationFilter@3a4f8e8a, org.springframework.security.web.savedrequest.RequestCacheAwareFilter@50f3ba6a, org.springframework.security.web.servletapi.SecurityContextHolderAwareRequestFilter@319aa9ee, org.springframework.security.web.authentication.AnonymousAuthenticationFilter@160c7c42, org.springframework.security.web.session.SessionManagementFilter@8549c5f, org.springframework.security.web.access.ExceptionTranslationFilter@1a0ffb9b, org.springframework.security.web.access.intercept.AuthorizationFilter@2be50bba]]]]] or target class [null] with arguments {org.springframework.mock.web.MockHttpServletRequest@3c89b864}
2025-05-26T15:08:42.950+05:30 DEBUG 36441 --- [           main] s.w.s.m.m.a.RequestMappingHandlerMapping : Mapped to codes.rytis.logindemo.controller.HelloController#secured(UserPrincipal)
2025-05-26T15:08:42.950+05:30 DEBUG 36441 --- [           main] o.s.test.util.ReflectionTestUtils        : Getting field 'securityContextRepository' from target object [org.springframework.security.web.context.SecurityContextHolderFilter@35454c7a] or target class [class org.springframework.security.web.context.SecurityContextHolderFilter]
2025-05-26T15:08:42.950+05:30 DEBUG 36441 --- [           main] s.w.s.m.m.a.RequestMappingHandlerMapping : Mapped to codes.rytis.logindemo.controller.HelloController#secured(UserPrincipal)
2025-05-26T15:08:42.950+05:30 DEBUG 36441 --- [           main] o.s.security.web.FilterChainProxy        : Securing GET /secured
2025-05-26T15:08:42.950+05:30 DEBUG 36441 --- [           main] s.w.s.m.m.a.RequestMappingHandlerMapping : Mapped to codes.rytis.logindemo.controller.HelloController#secured(UserPrincipal)
2025-05-26T15:08:42.950+05:30 DEBUG 36441 --- [           main] s.w.s.m.m.a.RequestMappingHandlerMapping : Mapped to codes.rytis.logindemo.controller.HelloController#secured(UserPrincipal)
2025-05-26T15:08:42.951+05:30 DEBUG 36441 --- [           main] s.w.s.m.m.a.RequestMappingHandlerMapping : Mapped to codes.rytis.logindemo.controller.HelloController#secured(UserPrincipal)
2025-05-26T15:08:42.951+05:30 DEBUG 36441 --- [           main] s.w.s.m.m.a.RequestMappingHandlerMapping : Mapped to codes.rytis.logindemo.controller.HelloController#secured(UserPrincipal)
2025-05-26T15:08:42.951+05:30 DEBUG 36441 --- [           main] o.s.security.web.FilterChainProxy        : Secured GET /secured
2025-05-26T15:08:42.951+05:30 DEBUG 36441 --- [           main] o.s.t.web.servlet.TestDispatcherServlet  : GET "/secured", parameters={}
2025-05-26T15:08:42.951+05:30 DEBUG 36441 --- [           main] s.w.s.m.m.a.RequestMappingHandlerMapping : Mapped to codes.rytis.logindemo.controller.HelloController#secured(UserPrincipal)
2025-05-26T15:08:42.952+05:30 DEBUG 36441 --- [           main] m.m.a.RequestResponseBodyMethodProcessor : Using 'text/plain', given [*/*] and supported [text/plain, */*, application/json, application/*+json]
2025-05-26T15:08:42.952+05:30 DEBUG 36441 --- [           main] m.m.a.RequestResponseBodyMethodProcessor : Writing ["This can only be seen by a logged in user. Your Email is: test@test.com your ID: 1"]
2025-05-26T15:08:42.952+05:30 DEBUG 36441 --- [           main] o.s.t.web.servlet.TestDispatcherServlet  : Completed 200 OK
2025-05-26T15:08:42.953+05:30 DEBUG 36441 --- [           main] org.springframework.test.context.cache   : Spring test ApplicationContext cache statistics: [DefaultContextCache@307e4c44 size = 2, maxSize = 32, parentContextCount = 0, hitCount = 84, missCount = 2]
2025-05-26T15:08:42.953+05:30 DEBUG 36441 --- [           main] org.springframework.test.context.cache   : Spring test ApplicationContext cache statistics: [DefaultContextCache@307e4c44 size = 2, maxSize = 32, parentContextCount = 0, hitCount = 85, missCount = 2]
2025-05-26T15:08:42.953+05:30 DEBUG 36441 --- [           main] org.springframework.test.context.cache   : Spring test ApplicationContext cache statistics: [DefaultContextCache@307e4c44 size = 2, maxSize = 32, parentContextCount = 0, hitCount = 86, missCount = 2]
2025-05-26T15:08:42.953+05:30 DEBUG 36441 --- [           main] org.springframework.test.context.cache   : Spring test ApplicationContext cache statistics: [DefaultContextCache@307e4c44 size = 2, maxSize = 32, parentContextCount = 0, hitCount = 87, missCount = 2]
2025-05-26T15:08:42.953+05:30 DEBUG 36441 --- [           main] org.springframework.test.context.cache   : Spring test ApplicationContext cache statistics: [DefaultContextCache@307e4c44 size = 2, maxSize = 32, parentContextCount = 0, hitCount = 88, missCount = 2]
2025-05-26T15:08:42.954+05:30 DEBUG 36441 --- [           main] org.springframework.test.context.cache   : Spring test ApplicationContext cache statistics: [DefaultContextCache@307e4c44 size = 2, maxSize = 32, parentContextCount = 0, hitCount = 89, missCount = 2]
2025-05-26T15:08:42.954+05:30 DEBUG 36441 --- [           main] org.springframework.test.context.cache   : Spring test ApplicationContext cache statistics: [DefaultContextCache@307e4c44 size = 2, maxSize = 32, parentContextCount = 0, hitCount = 90, missCount = 2]
2025-05-26T15:08:42.954+05:30 DEBUG 36441 --- [           main] tractDirtiesContextTestExecutionListener : After test method: class [HelloControllerTest], method [loggedIn_shouldSeeSecuredEndpoint], class annotated with @DirtiesContext [false] with mode [null], method annotated with @DirtiesContext [false] with mode [null]
]]></system-out>
  </testcase>
</testsuite>